2024-12-03 23:53:30,544 - circle_bot - INFO - –ë–æ—Ç —É—Å–ø–µ—à–Ω–æ –∏–Ω–∏—Ü–∏–∞–ª–∏–∑–∏—Ä–æ–≤–∞–Ω
2024-12-03 23:53:30,544 - circle_bot - INFO - –ë–æ—Ç –∑–∞–ø—É—â–µ–Ω
2024-12-03 23:54:38,453 - circle_bot - INFO - –ü–æ–ª—å–∑–æ–≤–∞—Ç–µ–ª—å Maltsev_Denis_Vyacheslavovich (ID: 1667948478) –∏–∑–º–µ–Ω–∏–ª —Ä–∞–∑–º–µ—Ä –≤–∏–¥–µ–æ –Ω–∞ 640
2024-12-03 23:55:21,198 - circle_bot - INFO - –ü–æ–ª—É—á–µ–Ω–æ –≤–∏–¥–µ–æ –æ—Ç –ø–æ–ª—å–∑–æ–≤–∞—Ç–µ–ª—è Maltsev_Denis_Vyacheslavovich (ID: 1667948478), —Ä–∞–∑–º–µ—Ä: 8.09 –ú–ë
2024-12-03 23:55:21,408 - circle_bot - INFO - –ù–∞—á–∞–ª–æ –æ–±—Ä–∞–±–æ—Ç–∫–∏ –≤–∏–¥–µ–æ –æ—Ç –ø–æ–ª—å–∑–æ–≤–∞—Ç–µ–ª—è Maltsev_Denis_Vyacheslavovich (ID: 1667948478)
2024-12-03 23:55:28,757 - circle_bot - INFO - –í–∏–¥–µ–æ —É—Å–ø–µ—à–Ω–æ —Å–∫–∞—á–∞–Ω–æ –æ—Ç –ø–æ–ª—å–∑–æ–≤–∞—Ç–µ–ª—è Maltsev_Denis_Vyacheslavovich
2024-12-03 23:55:38,438 - circle_bot - INFO - –í–∏–¥–µ–æ —É—Å–ø–µ—à–Ω–æ –æ–±—Ä–∞–±–æ—Ç–∞–Ω–æ –∏ –æ—Ç–ø—Ä–∞–≤–ª–µ–Ω–æ –ø–æ–ª—å–∑–æ–≤–∞—Ç–µ–ª—é Maltsev_Denis_Vyacheslavovich
2024-12-03 23:55:38,445 - circle_bot - INFO - –í—Ä–µ–º–µ–Ω–Ω—ã–µ —Ñ–∞–π–ª—ã –æ—á–∏—â–µ–Ω—ã –¥–ª—è –ø–æ–ª—å–∑–æ–≤–∞—Ç–µ–ª—è Maltsev_Denis_Vyacheslavovich
2024-12-03 23:58:05,759 - TeleBot - ERROR - Infinity polling: polling exited
2024-12-03 23:58:05,760 - TeleBot - ERROR - Break infinity polling
2024-12-03 23:58:08,989 - circle_bot - INFO - –ë–æ—Ç —É—Å–ø–µ—à–Ω–æ –∏–Ω–∏—Ü–∏–∞–ª–∏–∑–∏—Ä–æ–≤–∞–Ω
2024-12-03 23:58:08,990 - circle_bot - INFO - –ë–æ—Ç –∑–∞–ø—É—â–µ–Ω
2024-12-03 23:58:46,124 - circle_bot - INFO - –ü–æ–ª—å–∑–æ–≤–∞—Ç–µ–ª—å Maltsev_Denis_Vyacheslavovich (ID: 1667948478) –∏–∑–º–µ–Ω–∏–ª —Ä–∞–∑–º–µ—Ä –≤—ã—Ö–æ–¥–Ω–æ–π –≤–∏–¥–µ–æ–∑–∞–º–µ—Ç–∫–∏ –Ω–∞ 480
2024-12-03 23:59:10,635 - circle_bot - INFO - –ü–æ–ª—É—á–µ–Ω–æ –≤–∏–¥–µ–æ –æ—Ç –ø–æ–ª—å–∑–æ–≤–∞—Ç–µ–ª—è Maltsev_Denis_Vyacheslavovich (ID: 1667948478), —Ä–∞–∑–º–µ—Ä: 8.09 –ú–ë
2024-12-03 23:59:11,428 - circle_bot - INFO - –ù–∞—á–∞–ª–æ –æ–±—Ä–∞–±–æ—Ç–∫–∏ –≤–∏–¥–µ–æ –æ—Ç –ø–æ–ª—å–∑–æ–≤–∞—Ç–µ–ª—è Maltsev_Denis_Vyacheslavovich (ID: 1667948478)
2024-12-03 23:59:31,343 - circle_bot - INFO - –í–∏–¥–µ–æ —É—Å–ø–µ—à–Ω–æ —Å–∫–∞—á–∞–Ω–æ –æ—Ç –ø–æ–ª—å–∑–æ–≤–∞—Ç–µ–ª—è Maltsev_Denis_Vyacheslavovich
2024-12-03 23:59:34,752 - circle_bot - INFO - –í–∏–¥–µ–æ —É—Å–ø–µ—à–Ω–æ –æ–±—Ä–∞–±–æ—Ç–∞–Ω–æ –∏ –æ—Ç–ø—Ä–∞–≤–ª–µ–Ω–æ –ø–æ–ª—å–∑–æ–≤–∞—Ç–µ–ª—é Maltsev_Denis_Vyacheslavovich
2024-12-03 23:59:34,756 - circle_bot - INFO - –í—Ä–µ–º–µ–Ω–Ω—ã–µ —Ñ–∞–π–ª—ã –æ—á–∏—â–µ–Ω—ã –¥–ª—è –ø–æ–ª—å–∑–æ–≤–∞—Ç–µ–ª—è Maltsev_Denis_Vyacheslavovich
2024-12-04 00:00:57,824 - TeleBot - ERROR - Infinity polling: polling exited
2024-12-04 00:00:57,825 - TeleBot - ERROR - Break infinity polling
2024-12-04 00:01:41,330 - circle_bot - INFO - –ë–æ—Ç —É—Å–ø–µ—à–Ω–æ –∏–Ω–∏—Ü–∏–∞–ª–∏–∑–∏—Ä–æ–≤–∞–Ω
2024-12-04 00:01:41,331 - circle_bot - INFO - –ë–æ—Ç –∑–∞–ø—É—â–µ–Ω
2024-12-04 00:02:36,073 - circle_bot - INFO - –ü–æ–ª—É—á–µ–Ω–æ –≤–∏–¥–µ–æ –æ—Ç –ø–æ–ª—å–∑–æ–≤–∞—Ç–µ–ª—è Maltsev_Denis_Vyacheslavovich (ID: 1667948478), —Ä–∞–∑–º–µ—Ä: 8.09 –ú–ë
2024-12-04 00:02:36,277 - circle_bot - INFO - –ù–∞—á–∞–ª–æ –æ–±—Ä–∞–±–æ—Ç–∫–∏ –≤–∏–¥–µ–æ –æ—Ç –ø–æ–ª—å–∑–æ–≤–∞—Ç–µ–ª—è Maltsev_Denis_Vyacheslavovich (ID: 1667948478)
2024-12-04 00:02:53,300 - circle_bot - INFO - –í–∏–¥–µ–æ —É—Å–ø–µ—à–Ω–æ —Å–∫–∞—á–∞–Ω–æ –æ—Ç –ø–æ–ª—å–∑–æ–≤–∞—Ç–µ–ª—è Maltsev_Denis_Vyacheslavovich
2024-12-04 00:03:00,421 - circle_bot - INFO - –í–∏–¥–µ–æ —É—Å–ø–µ—à–Ω–æ –æ–±—Ä–∞–±–æ—Ç–∞–Ω–æ –∏ –æ—Ç–ø—Ä–∞–≤–ª–µ–Ω–æ –ø–æ–ª—å–∑–æ–≤–∞—Ç–µ–ª—é Maltsev_Denis_Vyacheslavovich
2024-12-04 00:03:00,423 - circle_bot - INFO - –í—Ä–µ–º–µ–Ω–Ω—ã–µ —Ñ–∞–π–ª—ã –æ—á–∏—â–µ–Ω—ã –¥–ª—è –ø–æ–ª—å–∑–æ–≤–∞—Ç–µ–ª—è Maltsev_Denis_Vyacheslavovich
2024-12-04 00:38:21,636 - TeleBot - ERROR - Infinity polling: polling exited
2024-12-04 00:38:21,636 - TeleBot - ERROR - Break infinity polling
2024-12-04 01:05:38,922 - circle_bot - INFO - –ë–æ—Ç —É—Å–ø–µ—à–Ω–æ –∏–Ω–∏—Ü–∏–∞–ª–∏–∑–∏—Ä–æ–≤–∞–Ω
2024-12-04 01:05:38,922 - circle_bot - INFO - –ë–æ—Ç –∑–∞–ø—É—â–µ–Ω
2024-12-04 01:06:12,371 - circle_bot - INFO - –ü–æ–ª—É—á–µ–Ω–æ –≤–∏–¥–µ–æ –æ—Ç –ø–æ–ª—å–∑–æ–≤–∞—Ç–µ–ª—è Maltsev_Denis_Vyacheslavovich (ID: 1667948478), —Ä–∞–∑–º–µ—Ä: 8.09 –ú–ë
2024-12-04 01:06:13,070 - circle_bot - INFO - –ù–∞—á–∞–ª–æ –æ–±—Ä–∞–±–æ—Ç–∫–∏ –≤–∏–¥–µ–æ –æ—Ç –ø–æ–ª—å–∑–æ–≤–∞—Ç–µ–ª—è Maltsev_Denis_Vyacheslavovich (ID: 1667948478)
2024-12-04 01:06:27,082 - circle_bot - INFO - –í–∏–¥–µ–æ —É—Å–ø–µ—à–Ω–æ —Å–∫–∞—á–∞–Ω–æ –æ—Ç –ø–æ–ª—å–∑–æ–≤–∞—Ç–µ–ª—è Maltsev_Denis_Vyacheslavovich
2024-12-04 01:06:33,814 - circle_bot - INFO - –í–∏–¥–µ–æ —É—Å–ø–µ—à–Ω–æ –æ–±—Ä–∞–±–æ—Ç–∞–Ω–æ –∏ –æ—Ç–ø—Ä–∞–≤–ª–µ–Ω–æ –ø–æ–ª—å–∑–æ–≤–∞—Ç–µ–ª—é Maltsev_Denis_Vyacheslavovich
2024-12-04 01:06:33,816 - circle_bot - INFO - –í—Ä–µ–º–µ–Ω–Ω—ã–µ —Ñ–∞–π–ª—ã –æ—á–∏—â–µ–Ω—ã –¥–ª—è –ø–æ–ª—å–∑–æ–≤–∞—Ç–µ–ª—è Maltsev_Denis_Vyacheslavovich
2024-12-04 01:10:01,879 - TeleBot - ERROR - Infinity polling: polling exited
2024-12-04 01:10:01,879 - TeleBot - ERROR - Break infinity polling
2024-12-04 01:17:10,220 - circle_bot - INFO - –ë–æ—Ç —É—Å–ø–µ—à–Ω–æ –∏–Ω–∏—Ü–∏–∞–ª–∏–∑–∏—Ä–æ–≤–∞–Ω
2024-12-04 01:17:10,220 - circle_bot - INFO - –ë–æ—Ç –∑–∞–ø—É—â–µ–Ω
2024-12-04 01:17:46,300 - circle_bot - INFO - –ü–æ–ª—É—á–µ–Ω–æ –≤–∏–¥–µ–æ –æ—Ç –ø–æ–ª—å–∑–æ–≤–∞—Ç–µ–ª—è Maltsev_Denis_Vyacheslavovich (ID: 1667948478), —Ä–∞–∑–º–µ—Ä: 8.09 –ú–ë
2024-12-04 01:17:46,494 - circle_bot - INFO - –ù–∞—á–∞–ª–æ –æ–±—Ä–∞–±–æ—Ç–∫–∏ –≤–∏–¥–µ–æ –æ—Ç –ø–æ–ª—å–∑–æ–≤–∞—Ç–µ–ª—è Maltsev_Denis_Vyacheslavovich (ID: 1667948478)
2024-12-04 01:18:00,874 - circle_bot - INFO - –í–∏–¥–µ–æ —É—Å–ø–µ—à–Ω–æ —Å–∫–∞—á–∞–Ω–æ –æ—Ç –ø–æ–ª—å–∑–æ–≤–∞—Ç–µ–ª—è Maltsev_Denis_Vyacheslavovich
2024-12-04 01:18:02,332 - circle_bot - INFO - –í—Ä–µ–º–µ–Ω–Ω—ã–µ —Ñ–∞–π–ª—ã –æ—á–∏—â–µ–Ω—ã –¥–ª—è –ø–æ–ª—å–∑–æ–≤–∞—Ç–µ–ª—è Maltsev_Denis_Vyacheslavovich
2024-12-04 01:18:02,335 - circle_bot - ERROR - –û—à–∏–±–∫–∞ –ø—Ä–∏ –æ–±—Ä–∞–±–æ—Ç–∫–µ –≤–∏–¥–µ–æ –æ—Ç –ø–æ–ª—å–∑–æ–≤–∞—Ç–µ–ª—è Maltsev_Denis_Vyacheslavovich: A request to the Telegram API was unsuccessful. Error code: 400. Description: Bad Request: file must be non-empty
2024-12-04 01:19:42,654 - TeleBot - ERROR - Infinity polling: polling exited
2024-12-04 01:19:42,654 - TeleBot - ERROR - Break infinity polling
2024-12-04 01:22:15,692 - circle_bot - INFO - –ë–æ—Ç —É—Å–ø–µ—à–Ω–æ –∏–Ω–∏—Ü–∏–∞–ª–∏–∑–∏—Ä–æ–≤–∞–Ω
2024-12-04 01:22:15,693 - circle_bot - INFO - –ë–æ—Ç –∑–∞–ø—É—â–µ–Ω
2024-12-04 01:23:00,236 - circle_bot - INFO - –ü–æ–ª—É—á–µ–Ω–æ –≤–∏–¥–µ–æ –æ—Ç –ø–æ–ª—å–∑–æ–≤–∞—Ç–µ–ª—è Maltsev_Denis_Vyacheslavovich (ID: 1667948478), —Ä–∞–∑–º–µ—Ä: 8.09 –ú–ë
2024-12-04 01:23:00,958 - circle_bot - INFO - –ù–∞—á–∞–ª–æ –æ–±—Ä–∞–±–æ—Ç–∫–∏ –≤–∏–¥–µ–æ –æ—Ç –ø–æ–ª—å–∑–æ–≤–∞—Ç–µ–ª—è Maltsev_Denis_Vyacheslavovich (ID: 1667948478)
2024-12-04 01:23:18,507 - circle_bot - INFO - –í–∏–¥–µ–æ —É—Å–ø–µ—à–Ω–æ —Å–∫–∞—á–∞–Ω–æ –æ—Ç –ø–æ–ª—å–∑–æ–≤–∞—Ç–µ–ª—è Maltsev_Denis_Vyacheslavovich
2024-12-04 01:23:25,808 - circle_bot - INFO - –í–∏–¥–µ–æ —É—Å–ø–µ—à–Ω–æ –æ–±—Ä–∞–±–æ—Ç–∞–Ω–æ –∏ –æ—Ç–ø—Ä–∞–≤–ª–µ–Ω–æ –ø–æ–ª—å–∑–æ–≤–∞—Ç–µ–ª—é Maltsev_Denis_Vyacheslavovich
2024-12-04 01:23:25,810 - circle_bot - INFO - –í—Ä–µ–º–µ–Ω–Ω—ã–µ —Ñ–∞–π–ª—ã –æ—á–∏—â–µ–Ω—ã –¥–ª—è –ø–æ–ª—å–∑–æ–≤–∞—Ç–µ–ª—è Maltsev_Denis_Vyacheslavovich
2024-12-04 01:24:08,523 - circle_bot - INFO - –ü–æ–ª—É—á–µ–Ω–æ –≤–∏–¥–µ–æ –æ—Ç –ø–æ–ª—å–∑–æ–≤–∞—Ç–µ–ª—è Maltsev_Denis_Vyacheslavovich (ID: 1667948478), —Ä–∞–∑–º–µ—Ä: 8.09 –ú–ë
2024-12-04 01:24:08,713 - circle_bot - INFO - –ù–∞—á–∞–ª–æ –æ–±—Ä–∞–±–æ—Ç–∫–∏ –≤–∏–¥–µ–æ –æ—Ç –ø–æ–ª—å–∑–æ–≤–∞—Ç–µ–ª—è Maltsev_Denis_Vyacheslavovich (ID: 1667948478)
2024-12-04 01:24:25,536 - circle_bot - INFO - –í–∏–¥–µ–æ —É—Å–ø–µ—à–Ω–æ —Å–∫–∞—á–∞–Ω–æ –æ—Ç –ø–æ–ª—å–∑–æ–≤–∞—Ç–µ–ª—è Maltsev_Denis_Vyacheslavovich
2024-12-04 01:24:29,001 - circle_bot - INFO - –í–∏–¥–µ–æ —É—Å–ø–µ—à–Ω–æ –æ–±—Ä–∞–±–æ—Ç–∞–Ω–æ –∏ –æ—Ç–ø—Ä–∞–≤–ª–µ–Ω–æ –ø–æ–ª—å–∑–æ–≤–∞—Ç–µ–ª—é Maltsev_Denis_Vyacheslavovich
2024-12-04 01:24:29,007 - circle_bot - INFO - –í—Ä–µ–º–µ–Ω–Ω—ã–µ —Ñ–∞–π–ª—ã –æ—á–∏—â–µ–Ω—ã –¥–ª—è –ø–æ–ª—å–∑–æ–≤–∞—Ç–µ–ª—è Maltsev_Denis_Vyacheslavovich
2024-12-04 01:24:49,995 - circle_bot - INFO - –ü–æ–ª—å–∑–æ–≤–∞—Ç–µ–ª—å Maltsev_Denis_Vyacheslavovich (ID: 1667948478) –∏–∑–º–µ–Ω–∏–ª —Ä–∞–∑–º–µ—Ä –≤—ã—Ö–æ–¥–Ω–æ–π –≤–∏–¥–µ–æ–∑–∞–º–µ—Ç–∫–∏ –Ω–∞ 640
2024-12-04 01:25:11,964 - circle_bot - INFO - –ü–æ–ª—É—á–µ–Ω–æ –≤–∏–¥–µ–æ –æ—Ç –ø–æ–ª—å–∑–æ–≤–∞—Ç–µ–ª—è Maltsev_Denis_Vyacheslavovich (ID: 1667948478), —Ä–∞–∑–º–µ—Ä: 8.09 –ú–ë
2024-12-04 01:25:12,161 - circle_bot - INFO - –ù–∞—á–∞–ª–æ –æ–±—Ä–∞–±–æ—Ç–∫–∏ –≤–∏–¥–µ–æ –æ—Ç –ø–æ–ª—å–∑–æ–≤–∞—Ç–µ–ª—è Maltsev_Denis_Vyacheslavovich (ID: 1667948478)
2024-12-04 01:25:19,057 - circle_bot - INFO - –í–∏–¥–µ–æ —É—Å–ø–µ—à–Ω–æ —Å–∫–∞—á–∞–Ω–æ –æ—Ç –ø–æ–ª—å–∑–æ–≤–∞—Ç–µ–ª—è Maltsev_Denis_Vyacheslavovich
2024-12-04 01:25:27,347 - circle_bot - INFO - –í–∏–¥–µ–æ —É—Å–ø–µ—à–Ω–æ –æ–±—Ä–∞–±–æ—Ç–∞–Ω–æ –∏ –æ—Ç–ø—Ä–∞–≤–ª–µ–Ω–æ –ø–æ–ª—å–∑–æ–≤–∞—Ç–µ–ª—é Maltsev_Denis_Vyacheslavovich
2024-12-04 01:25:27,349 - circle_bot - INFO - –í—Ä–µ–º–µ–Ω–Ω—ã–µ —Ñ–∞–π–ª—ã –æ—á–∏—â–µ–Ω—ã –¥–ª—è –ø–æ–ª—å–∑–æ–≤–∞—Ç–µ–ª—è Maltsev_Denis_Vyacheslavovich
2024-12-04 01:33:51,284 - TeleBot - ERROR - Infinity polling: polling exited
2024-12-04 01:33:51,287 - TeleBot - ERROR - Break infinity polling
2024-12-04 01:33:54,324 - circle_bot - INFO - –ë–æ—Ç —É—Å–ø–µ—à–Ω–æ –∏–Ω–∏—Ü–∏–∞–ª–∏–∑–∏—Ä–æ–≤–∞–Ω
2024-12-04 01:33:54,325 - circle_bot - INFO - –ë–æ—Ç –∑–∞–ø—É—â–µ–Ω
2024-12-04 01:34:07,697 - circle_bot - INFO - –ü–æ–ª—å–∑–æ–≤–∞—Ç–µ–ª—å Maltsev_Denis_Vyacheslavovich (ID: 1667948478) –∑–∞–ø—É—Å—Ç–∏–ª –±–æ—Ç–∞
2024-12-04 01:34:14,767 - circle_bot - INFO - –ü–æ–ª—å–∑–æ–≤–∞—Ç–µ–ª—å Maltsev_Denis_Vyacheslavovich (ID: 1667948478) –æ—Ç–∫—Ä—ã–ª –Ω–∞—Å—Ç—Ä–æ–π–∫–∏
2024-12-04 01:34:21,881 - circle_bot - INFO - –ü–æ–ª—å–∑–æ–≤–∞—Ç–µ–ª—å Maltsev_Denis_Vyacheslavovich (ID: 1667948478) –æ—Ç–∫—Ä—ã–ª –Ω–∞—Å—Ç—Ä–æ–π–∫–∏ —Ä–∞–∑–º–µ—Ä–∞
2024-12-04 01:34:40,401 - circle_bot - INFO - –ü–æ–ª—å–∑–æ–≤–∞—Ç–µ–ª—å den_test_circle_bot (ID: 7712023360) –æ—Ç–∫—Ä—ã–ª –Ω–∞—Å—Ç—Ä–æ–π–∫–∏
2024-12-04 01:37:08,781 - TeleBot - ERROR - Infinity polling: polling exited
2024-12-04 01:37:08,781 - TeleBot - ERROR - Break infinity polling
2024-12-04 01:37:11,914 - circle_bot - INFO - –ë–æ—Ç —É—Å–ø–µ—à–Ω–æ –∏–Ω–∏—Ü–∏–∞–ª–∏–∑–∏—Ä–æ–≤–∞–Ω
2024-12-04 01:37:11,914 - circle_bot - INFO - –ë–æ—Ç –∑–∞–ø—É—â–µ–Ω
2024-12-04 01:37:22,946 - circle_bot - INFO - –ü–æ–ª—å–∑–æ–≤–∞—Ç–µ–ª—å Maltsev_Denis_Vyacheslavovich (ID: 1667948478) –∑–∞–ø—É—Å—Ç–∏–ª –±–æ—Ç–∞
2024-12-04 01:37:29,276 - circle_bot - INFO - –ü–æ–ª—å–∑–æ–≤–∞—Ç–µ–ª—å Maltsev_Denis_Vyacheslavovich (ID: 1667948478) –∑–∞–ø—Ä–æ—Å–∏–ª —Å—Ç–∞—Ç–∏—Å—Ç–∏–∫—É
2024-12-04 01:37:29,277 - circle_bot - INFO - –°—Ç–∞—Ç–∏—Å—Ç–∏–∫–∞ –Ω–µ –Ω–∞–π–¥–µ–Ω–∞ –¥–ª—è –ø–æ–ª—å–∑–æ–≤–∞—Ç–µ–ª—è Maltsev_Denis_Vyacheslavovich (ID: 1667948478)
2024-12-04 01:39:01,569 - TeleBot - ERROR - Infinity polling: polling exited
2024-12-04 01:39:01,569 - TeleBot - ERROR - Break infinity polling
2024-12-04 01:39:04,400 - circle_bot - INFO - –ë–æ—Ç —É—Å–ø–µ—à–Ω–æ –∏–Ω–∏—Ü–∏–∞–ª–∏–∑–∏—Ä–æ–≤–∞–Ω
2024-12-04 01:39:04,400 - circle_bot - INFO - –ë–æ—Ç –∑–∞–ø—É—â–µ–Ω
2024-12-04 01:39:09,322 - circle_bot - INFO - –ü–æ–ª—å–∑–æ–≤–∞—Ç–µ–ª—å Maltsev_Denis_Vyacheslavovich (ID: 1667948478) –∑–∞–ø—É—Å—Ç–∏–ª –±–æ—Ç–∞
2024-12-04 01:39:09,323 - circle_bot - INFO - –°–æ–∑–¥–∞–Ω–∞ –∫–ª–∞–≤–∏–∞—Ç—É—Ä–∞ —Å –æ—Å–Ω–æ–≤–Ω—ã–º–∏ –∫–Ω–æ–ø–∫–∞–º–∏ –º–µ–Ω—é
2024-12-04 01:39:11,107 - circle_bot - INFO - –ü–æ–ª—É—á–µ–Ω–æ —Ç–µ–∫—Å—Ç–æ–≤–æ–µ —Å–æ–æ–±—â–µ–Ω–∏–µ –æ—Ç –ø–æ–ª—å–∑–æ–≤–∞—Ç–µ–ª—è Maltsev_Denis_Vyacheslavovich (ID: 1667948478): ‚ùì –ø–æ–º–æ—â—å
2024-12-04 01:39:11,108 - circle_bot - INFO - –ü–æ–ª—å–∑–æ–≤–∞—Ç–µ–ª—å Maltsev_Denis_Vyacheslavovich (ID: 1667948478) –∑–∞–ø—Ä–æ—Å–∏–ª –ø–æ–º–æ—â—å —á–µ—Ä–µ–∑ —Ç–µ–∫—Å—Ç–æ–≤–æ–µ –º–µ–Ω—é
2024-12-04 01:39:11,108 - circle_bot - INFO - –ü–æ–ª—å–∑–æ–≤–∞—Ç–µ–ª—å Maltsev_Denis_Vyacheslavovich (ID: 1667948478) –∑–∞–ø—Ä–æ—Å–∏–ª —Å–ø—Ä–∞–≤–∫—É
2024-12-04 01:39:11,316 - circle_bot - INFO - –û—Ç–ø—Ä–∞–≤–ª–µ–Ω–∞ —Å–ø—Ä–∞–≤–æ—á–Ω–∞—è –∏–Ω—Ñ–æ—Ä–º–∞—Ü–∏—è –ø–æ–ª—å–∑–æ–≤–∞—Ç–µ–ª—é Maltsev_Denis_Vyacheslavovich (ID: 1667948478)
2024-12-04 01:39:40,132 - circle_bot - INFO - –ü–æ–ª—É—á–µ–Ω–æ –≤–∏–¥–µ–æ –æ—Ç –ø–æ–ª—å–∑–æ–≤–∞—Ç–µ–ª—è Maltsev_Denis_Vyacheslavovich (ID: 1667948478)
–†–∞–∑–º–µ—Ä —Ñ–∞–π–ª–∞: 8.09 –ú–ë
2024-12-04 01:39:40,134 - circle_bot - INFO - –û–±–Ω–æ–≤–ª–µ–Ω–∞ —Å—Ç–∞—Ç–∏—Å—Ç–∏–∫–∞ –ø–æ–ª—å–∑–æ–≤–∞—Ç–µ–ª—è Maltsev_Denis_Vyacheslavovich (ID: 1667948478):
–û–±—Ä–∞–±–æ—Ç–∞–Ω–æ –≤–∏–¥–µ–æ: 0 ‚Üí 1
–û–±—â–∏–π —Ä–∞–∑–º–µ—Ä: 0.00 –ú–ë ‚Üí 8.09 –ú–ë
2024-12-04 01:39:40,134 - circle_bot - INFO - –ù–∞—Å—Ç—Ä–æ–π–∫–∏ –ø–æ–ª—å–∑–æ–≤–∞—Ç–µ–ª—è: —Ä–∞–∑–º–µ—Ä=384, –∫–∞—á–µ—Å—Ç–≤–æ=medium
2024-12-04 01:39:40,331 - circle_bot - INFO - –°–∫–∞—á–∏–≤–∞–µ–º –≤–∏–¥–µ–æ...
2024-12-04 01:39:47,464 - circle_bot - INFO - –í–∏–¥–µ–æ —É—Å–ø–µ—à–Ω–æ —Å–∫–∞—á–∞–Ω–æ
2024-12-04 01:39:47,464 - circle_bot - INFO - –ó–∞–ø—É—Å–∫–∞–µ–º –æ–±—Ä–∞–±–æ—Ç–∫—É –≤–∏–¥–µ–æ –≤ –æ—Ç–¥–µ–ª—å–Ω–æ–º –ø–æ—Ç–æ–∫–µ...
2024-12-04 01:39:47,465 - circle_bot - INFO - –ù–∞—á–∏–Ω–∞–µ–º –æ–±—Ä–∞–±–æ—Ç–∫—É –≤–∏–¥–µ–æ...
2024-12-04 01:39:47,465 - circle_bot - INFO - –ù–∞—Å—Ç—Ä–æ–π–∫–∏: —Ä–∞–∑–º–µ—Ä=384x384, –∫–∞—á–µ—Å—Ç–≤–æ=medium
2024-12-04 01:39:47,665 - circle_bot - INFO - –î–ª–∏—Ç–µ–ª—å–Ω–æ—Å—Ç—å –≤–∏–¥–µ–æ: 7.00 —Å–µ–∫—É–Ω–¥
2024-12-04 01:39:47,671 - circle_bot - INFO - –ù–∞—á–∏–Ω–∞–µ–º —Å–æ–∑–¥–∞–Ω–∏–µ –≤–∏–¥–µ–æ–∑–∞–º–µ—Ç–∫–∏...
2024-12-04 01:39:47,671 - circle_bot - INFO - –ù–∞—á–∏–Ω–∞–µ–º –æ–±—Ä–∞–±–æ—Ç–∫—É –≤–∏–¥–µ–æ...
2024-12-04 01:39:47,713 - circle_bot - INFO - –ü–∞—Ä–∞–º–µ—Ç—Ä—ã –∏—Å—Ö–æ–¥–Ω–æ–≥–æ –≤–∏–¥–µ–æ:
- –®–∏—Ä–∏–Ω–∞: 720px
- –í—ã—Å–æ—Ç–∞: 1280px
- FPS: 24
- –ö–æ–ª–∏—á–µ—Å—Ç–≤–æ –∫–∞–¥—Ä–æ–≤: 172
2024-12-04 01:39:47,713 - circle_bot - INFO - –°–æ–∑–¥–∞–µ–º –∫–≤–∞–¥—Ä–∞—Ç–Ω–æ–µ –≤–∏–¥–µ–æ 384x384
2024-12-04 01:39:47,713 - circle_bot - INFO - –°–æ–∑–¥–∞–Ω–∏–µ –≤—Ä–µ–º–µ–Ω–Ω–æ–≥–æ –≤–∏–¥–µ–æ –∑–∞–≤–µ—Ä—à–µ–Ω–æ
2024-12-04 01:39:47,714 - circle_bot - INFO - –ù–∞—á–∏–Ω–∞–µ–º —Ñ–∏–Ω–∞–ª—å–Ω—É—é –∫–æ–Ω–≤–µ—Ä—Ç–∞—Ü–∏—é —á–µ—Ä–µ–∑ ffmpeg...
2024-12-04 01:39:47,714 - circle_bot - INFO - –§–∏–Ω–∞–ª—å–Ω—ã–π —Ä–∞–∑–º–µ—Ä —Ñ–∞–π–ª–∞: 0.00 –ú–ë
2024-12-04 01:39:47,714 - circle_bot - ERROR - –û—à–∏–±–∫–∞ –ø—Ä–∏ –æ–±—Ä–∞–±–æ—Ç–∫–µ –≤–∏–¥–µ–æ: name 'frames_processed' is not defined
2024-12-04 01:39:47,715 - circle_bot - INFO - –†–µ—Å—É—Ä—Å—ã –≤–∏–¥–µ–æ –æ—Å–≤–æ–±–æ–∂–¥–µ–Ω—ã
2024-12-04 01:39:47,715 - circle_bot - ERROR - –û—à–∏–±–∫–∞ –ø—Ä–∏ –æ–±—Ä–∞–±–æ—Ç–∫–µ –≤–∏–¥–µ–æ: name 'frames_processed' is not defined
2024-12-04 01:39:47,717 - circle_bot - INFO - –í—Ä–µ–º–µ–Ω–Ω—ã–µ —Ñ–∞–π–ª—ã —É–¥–∞–ª–µ–Ω—ã
2024-12-04 01:39:47,718 - circle_bot - INFO - –û—á–∏—Å—Ç–∫–∞ –≤—Ä–µ–º–µ–Ω–Ω—ã—Ö —Ñ–∞–π–ª–æ–≤ –∑–∞–≤–µ—Ä—à–µ–Ω–∞
2024-12-04 01:39:47,719 - circle_bot - ERROR - –û—à–∏–±–∫–∞ –ø—Ä–∏ –æ–±—Ä–∞–±–æ—Ç–∫–µ –≤–∏–¥–µ–æ: –û—à–∏–±–∫–∞ –ø—Ä–∏ –æ–±—Ä–∞–±–æ—Ç–∫–µ –≤–∏–¥–µ–æ: name 'frames_processed' is not defined
2024-12-04 01:43:39,563 - TeleBot - ERROR - Infinity polling: polling exited
2024-12-04 01:43:39,563 - TeleBot - ERROR - Break infinity polling
2024-12-04 01:43:50,113 - circle_bot - INFO - –ë–æ—Ç —É—Å–ø–µ—à–Ω–æ –∏–Ω–∏—Ü–∏–∞–ª–∏–∑–∏—Ä–æ–≤–∞–Ω
2024-12-04 01:43:50,114 - circle_bot - INFO - –ë–æ—Ç –∑–∞–ø—É—â–µ–Ω
2024-12-04 01:43:58,215 - circle_bot - INFO - –ü–æ–ª—å–∑–æ–≤–∞—Ç–µ–ª—å Maltsev_Denis_Vyacheslavovich (ID: 1667948478) –∑–∞–ø—É—Å—Ç–∏–ª –±–æ—Ç–∞
2024-12-04 01:43:58,215 - circle_bot - INFO - –°–æ–∑–¥–∞–Ω–∞ –∫–ª–∞–≤–∏–∞—Ç—É—Ä–∞ —Å –æ—Å–Ω–æ–≤–Ω—ã–º–∏ –∫–Ω–æ–ø–∫–∞–º–∏ –º–µ–Ω—é
2024-12-04 01:44:20,612 - circle_bot - INFO - –ü–æ–ª—É—á–µ–Ω–æ –≤–∏–¥–µ–æ –æ—Ç –ø–æ–ª—å–∑–æ–≤–∞—Ç–µ–ª—è Maltsev_Denis_Vyacheslavovich (ID: 1667948478)
–†–∞–∑–º–µ—Ä —Ñ–∞–π–ª–∞: 8.09 –ú–ë
2024-12-04 01:44:20,612 - circle_bot - INFO - –û–±–Ω–æ–≤–ª–µ–Ω–∞ —Å—Ç–∞—Ç–∏—Å—Ç–∏–∫–∞ –ø–æ–ª—å–∑–æ–≤–∞—Ç–µ–ª—è Maltsev_Denis_Vyacheslavovich (ID: 1667948478):
–û–±—Ä–∞–±–æ—Ç–∞–Ω–æ –≤–∏–¥–µ–æ: 0 ‚Üí 1
–û–±—â–∏–π —Ä–∞–∑–º–µ—Ä: 0.00 –ú–ë ‚Üí 8.09 –ú–ë
2024-12-04 01:44:20,612 - circle_bot - INFO - –ù–∞—Å—Ç—Ä–æ–π–∫–∏ –ø–æ–ª—å–∑–æ–≤–∞—Ç–µ–ª—è: —Ä–∞–∑–º–µ—Ä=384, –∫–∞—á–µ—Å—Ç–≤–æ=medium
2024-12-04 01:44:21,206 - circle_bot - INFO - –°–∫–∞—á–∏–≤–∞–µ–º –≤–∏–¥–µ–æ...
2024-12-04 01:44:28,216 - circle_bot - INFO - –í–∏–¥–µ–æ —É—Å–ø–µ—à–Ω–æ —Å–∫–∞—á–∞–Ω–æ
2024-12-04 01:44:28,217 - circle_bot - INFO - –ó–∞–ø—É—Å–∫–∞–µ–º –æ–±—Ä–∞–±–æ—Ç–∫—É –≤–∏–¥–µ–æ –≤ –æ—Ç–¥–µ–ª—å–Ω–æ–º –ø–æ—Ç–æ–∫–µ...
2024-12-04 01:44:28,217 - circle_bot - INFO - –ù–∞—á–∏–Ω–∞–µ–º –æ–±—Ä–∞–±–æ—Ç–∫—É –≤–∏–¥–µ–æ –æ—Ç –ø–æ–ª—å–∑–æ–≤–∞—Ç–µ–ª—è Maltsev_Denis_Vyacheslavovich (ID: 1667948478)
2024-12-04 01:44:28,218 - circle_bot - INFO - –ù–∞—á–∏–Ω–∞–µ–º –æ–±—Ä–∞–±–æ—Ç–∫—É –≤–∏–¥–µ–æ...
2024-12-04 01:44:28,267 - circle_bot - INFO - –ü–∞—Ä–∞–º–µ—Ç—Ä—ã –∏—Å—Ö–æ–¥–Ω–æ–≥–æ –≤–∏–¥–µ–æ: 720x1280, 24 FPS, 172 –∫–∞–¥—Ä–æ–≤
2024-12-04 01:44:28,272 - circle_bot - ERROR - –û—à–∏–±–∫–∞ –ø—Ä–∏ –æ–±—Ä–∞–±–æ—Ç–∫–µ –≤–∏–¥–µ–æ: –ù–µ —É–¥–∞–ª–æ—Å—å —Å–æ–∑–¥–∞—Ç—å –≤—ã—Ö–æ–¥–Ω–æ–π —Ñ–∞–π–ª
2024-12-04 01:44:28,276 - circle_bot - ERROR - –û—à–∏–±–∫–∞ –ø—Ä–∏ –æ–±—Ä–∞–±–æ—Ç–∫–µ –≤–∏–¥–µ–æ: –û—à–∏–±–∫–∞ –ø—Ä–∏ –æ–±—Ä–∞–±–æ—Ç–∫–µ –≤–∏–¥–µ–æ
2024-12-04 01:44:29,013 - circle_bot - INFO - –û—Ç–ø—Ä–∞–≤–ª—è–µ–º –æ–±—Ä–∞–±–æ—Ç–∞–Ω–Ω–æ–µ –≤–∏–¥–µ–æ –ø–æ–ª—å–∑–æ–≤–∞—Ç–µ–ª—é...
2024-12-04 01:44:29,204 - circle_bot - INFO - –í—Ä–µ–º–µ–Ω–Ω—ã–µ —Ñ–∞–π–ª—ã —É–¥–∞–ª–µ–Ω—ã
2024-12-04 01:44:29,204 - circle_bot - INFO - –û—á–∏—Å—Ç–∫–∞ –≤—Ä–µ–º–µ–Ω–Ω—ã—Ö —Ñ–∞–π–ª–æ–≤ –∑–∞–≤–µ—Ä—à–µ–Ω–∞
2024-12-04 01:44:29,205 - circle_bot - ERROR - –û—à–∏–±–∫–∞ –ø—Ä–∏ –æ–±—Ä–∞–±–æ—Ç–∫–µ –≤–∏–¥–µ–æ: A request to the Telegram API was unsuccessful. Error code: 400. Description: Bad Request: file must be non-empty
2024-12-04 01:49:58,309 - TeleBot - ERROR - Infinity polling: polling exited
2024-12-04 01:49:58,310 - TeleBot - ERROR - Break infinity polling
2024-12-04 01:50:31,990 - circle_bot - INFO - –ë–æ—Ç —É—Å–ø–µ—à–Ω–æ –∏–Ω–∏—Ü–∏–∞–ª–∏–∑–∏—Ä–æ–≤–∞–Ω
2024-12-04 01:50:31,990 - circle_bot - INFO - –ë–æ—Ç –∑–∞–ø—É—â–µ–Ω
2024-12-04 01:50:38,347 - circle_bot - INFO - –ü–æ–ª—å–∑–æ–≤–∞—Ç–µ–ª—å Maltsev_Denis_Vyacheslavovich (ID: 1667948478) –∑–∞–ø—É—Å—Ç–∏–ª –±–æ—Ç–∞
2024-12-04 01:50:38,347 - circle_bot - INFO - –°–æ–∑–¥–∞–Ω–∞ –∫–ª–∞–≤–∏–∞—Ç—É—Ä–∞ —Å –æ—Å–Ω–æ–≤–Ω—ã–º–∏ –∫–Ω–æ–ø–∫–∞–º–∏ –º–µ–Ω—é
2024-12-04 01:50:54,963 - circle_bot - INFO - –ü–æ–ª—É—á–µ–Ω–æ –≤–∏–¥–µ–æ –æ—Ç –ø–æ–ª—å–∑–æ–≤–∞—Ç–µ–ª—è Maltsev_Denis_Vyacheslavovich (ID: 1667948478)
–†–∞–∑–º–µ—Ä —Ñ–∞–π–ª–∞: 8.09 –ú–ë
2024-12-04 01:50:54,964 - circle_bot - INFO - –ù–∞—Å—Ç—Ä–æ–π–∫–∏ –ø–æ–ª—å–∑–æ–≤–∞—Ç–µ–ª—è: —Ä–∞–∑–º–µ—Ä=384, –∫–∞—á–µ—Å—Ç–≤–æ=medium
2024-12-04 01:50:54,965 - circle_bot - INFO - –°–∫–∞—á–∏–≤–∞–µ–º –≤–∏–¥–µ–æ...
2024-12-04 01:51:13,324 - circle_bot - INFO - –í–∏–¥–µ–æ —É—Å–ø–µ—à–Ω–æ —Å–∫–∞—á–∞–Ω–æ
2024-12-04 01:51:13,325 - circle_bot - INFO - –ó–∞–ø—É—Å–∫–∞–µ–º –æ–±—Ä–∞–±–æ—Ç–∫—É –≤–∏–¥–µ–æ...
2024-12-04 01:51:13,325 - circle_bot - INFO - –ù–∞—á–∏–Ω–∞–µ–º –æ–±—Ä–∞–±–æ—Ç–∫—É –≤–∏–¥–µ–æ –æ—Ç –ø–æ–ª—å–∑–æ–≤–∞—Ç–µ–ª—è Maltsev_Denis_Vyacheslavovich (ID: 1667948478)
2024-12-04 01:51:13,325 - circle_bot - INFO - –ù–∞—á–∏–Ω–∞–µ–º –æ–±—Ä–∞–±–æ—Ç–∫—É –≤–∏–¥–µ–æ...
2024-12-04 01:51:13,391 - circle_bot - INFO - –ü–∞—Ä–∞–º–µ—Ç—Ä—ã –∏—Å—Ö–æ–¥–Ω–æ–≥–æ –≤–∏–¥–µ–æ: 720x1280, 24 FPS, 172 –∫–∞–¥—Ä–æ–≤
2024-12-04 01:51:13,576 - circle_bot - INFO - –û–±—Ä–∞–±–æ—Ç–∞–Ω–æ 30/172 –∫–∞–¥—Ä–æ–≤ (17.4%), 163.7 FPS
2024-12-04 01:51:13,759 - circle_bot - INFO - –û–±—Ä–∞–±–æ—Ç–∞–Ω–æ 60/172 –∫–∞–¥—Ä–æ–≤ (34.9%), 163.9 FPS
2024-12-04 01:51:13,952 - circle_bot - INFO - –û–±—Ä–∞–±–æ—Ç–∞–Ω–æ 90/172 –∫–∞–¥—Ä–æ–≤ (52.3%), 161.0 FPS
2024-12-04 01:51:14,164 - circle_bot - INFO - –û–±—Ä–∞–±–æ—Ç–∞–Ω–æ 120/172 –∫–∞–¥—Ä–æ–≤ (69.8%), 155.6 FPS
2024-12-04 01:51:14,390 - circle_bot - INFO - –û–±—Ä–∞–±–æ—Ç–∞–Ω–æ 150/172 –∫–∞–¥—Ä–æ–≤ (87.2%), 150.4 FPS
2024-12-04 01:51:14,601 - circle_bot - INFO - –û–±—Ä–∞–±–æ—Ç–∫–∞ OpenCV –∑–∞–≤–µ—Ä—à–µ–Ω–∞. –û–±—Ä–∞–±–æ—Ç–∞–Ω–æ 172 –∫–∞–¥—Ä–æ–≤ –∑–∞ 1.2 —Å–µ–∫—É–Ω–¥
2024-12-04 01:51:14,602 - circle_bot - INFO - –ö–æ–Ω–≤–µ—Ä—Ç–∏—Ä—É–µ–º –≤–∏–¥–µ–æ –≤ H.264...
2024-12-04 01:51:16,159 - circle_bot - INFO - –í–∏–¥–µ–æ —É—Å–ø–µ—à–Ω–æ –∫–æ–Ω–≤–µ—Ä—Ç–∏—Ä–æ–≤–∞–Ω–æ –≤ H.264
2024-12-04 01:51:16,160 - circle_bot - INFO - –í–∏–¥–µ–æ —É—Å–ø–µ—à–Ω–æ –æ–±—Ä–∞–±–æ—Ç–∞–Ω–æ –∏ —Å–æ—Ö—Ä–∞–Ω–µ–Ω–æ: /tmp/tmpe4afn8hk.mp4
2024-12-04 01:51:16,161 - circle_bot - INFO - –û—Ç–ø—Ä–∞–≤–ª—è–µ–º –æ–±—Ä–∞–±–æ—Ç–∞–Ω–Ω–æ–µ –≤–∏–¥–µ–æ –ø–æ–ª—å–∑–æ–≤–∞—Ç–µ–ª—é...
2024-12-04 01:51:18,776 - circle_bot - INFO - –í–∏–¥–µ–æ —É—Å–ø–µ—à–Ω–æ –æ—Ç–ø—Ä–∞–≤–ª–µ–Ω–æ
2024-12-04 01:52:46,241 - TeleBot - ERROR - Infinity polling: polling exited
2024-12-04 01:52:46,242 - TeleBot - ERROR - Break infinity polling
2024-12-04 01:52:48,642 - circle_bot - INFO - –ë–æ—Ç —É—Å–ø–µ—à–Ω–æ –∏–Ω–∏—Ü–∏–∞–ª–∏–∑–∏—Ä–æ–≤–∞–Ω
2024-12-04 01:52:48,642 - circle_bot - INFO - –ë–æ—Ç –∑–∞–ø—É—â–µ–Ω
2024-12-04 01:52:54,888 - circle_bot - INFO - –ü–æ–ª—å–∑–æ–≤–∞—Ç–µ–ª—å Maltsev_Denis_Vyacheslavovich (ID: 1667948478) –∑–∞–ø—É—Å—Ç–∏–ª –±–æ—Ç–∞
2024-12-04 01:52:54,891 - circle_bot - INFO - –°–æ–∑–¥–∞–Ω–∞ –∫–ª–∞–≤–∏–∞—Ç—É—Ä–∞ —Å –æ—Å–Ω–æ–≤–Ω—ã–º–∏ –∫–Ω–æ–ø–∫–∞–º–∏ –º–µ–Ω—é
2024-12-04 01:53:17,151 - circle_bot - INFO - –ü–æ–ª—É—á–µ–Ω–æ –≤–∏–¥–µ–æ –æ—Ç –ø–æ–ª—å–∑–æ–≤–∞—Ç–µ–ª—è Maltsev_Denis_Vyacheslavovich (ID: 1667948478)
–†–∞–∑–º–µ—Ä —Ñ–∞–π–ª–∞: 8.09 –ú–ë
2024-12-04 01:53:17,153 - circle_bot - INFO - –ù–∞—Å—Ç—Ä–æ–π–∫–∏ –ø–æ–ª—å–∑–æ–≤–∞—Ç–µ–ª—è: —Ä–∞–∑–º–µ—Ä=384, –∫–∞—á–µ—Å—Ç–≤–æ=medium
2024-12-04 01:53:17,154 - circle_bot - INFO - –°–∫–∞—á–∏–≤–∞–µ–º –≤–∏–¥–µ–æ...
2024-12-04 01:53:33,701 - circle_bot - INFO - –í–∏–¥–µ–æ —É—Å–ø–µ—à–Ω–æ —Å–∫–∞—á–∞–Ω–æ
2024-12-04 01:53:33,702 - circle_bot - INFO - –ó–∞–ø—É—Å–∫–∞–µ–º –æ–±—Ä–∞–±–æ—Ç–∫—É –≤–∏–¥–µ–æ...
2024-12-04 01:53:33,702 - circle_bot - INFO - –ù–∞—á–∏–Ω–∞–µ–º –æ–±—Ä–∞–±–æ—Ç–∫—É –≤–∏–¥–µ–æ –æ—Ç –ø–æ–ª—å–∑–æ–≤–∞—Ç–µ–ª—è Maltsev_Denis_Vyacheslavovich (ID: 1667948478)
2024-12-04 01:53:33,702 - circle_bot - INFO - –ù–∞—á–∏–Ω–∞–µ–º –æ–±—Ä–∞–±–æ—Ç–∫—É –≤–∏–¥–µ–æ...
2024-12-04 01:53:33,756 - circle_bot - INFO - –ü–∞—Ä–∞–º–µ—Ç—Ä—ã –∏—Å—Ö–æ–¥–Ω–æ–≥–æ –≤–∏–¥–µ–æ: 720x1280, 24 FPS, 172 –∫–∞–¥—Ä–æ–≤
2024-12-04 01:53:34,073 - circle_bot - INFO - –û–±—Ä–∞–±–æ—Ç–∞–Ω–æ 30/172 –∫–∞–¥—Ä–æ–≤ (17.4%), 95.2 FPS
2024-12-04 01:53:34,335 - circle_bot - INFO - –û–±—Ä–∞–±–æ—Ç–∞–Ω–æ 60/172 –∫–∞–¥—Ä–æ–≤ (34.9%), 104.0 FPS
2024-12-04 01:53:34,575 - circle_bot - INFO - –û–±—Ä–∞–±–æ—Ç–∞–Ω–æ 90/172 –∫–∞–¥—Ä–æ–≤ (52.3%), 110.2 FPS
2024-12-04 01:53:34,828 - circle_bot - INFO - –û–±—Ä–∞–±–æ—Ç–∞–Ω–æ 120/172 –∫–∞–¥—Ä–æ–≤ (69.8%), 112.2 FPS
2024-12-04 01:53:35,034 - circle_bot - INFO - –û–±—Ä–∞–±–æ—Ç–∞–Ω–æ 150/172 –∫–∞–¥—Ä–æ–≤ (87.2%), 117.6 FPS
2024-12-04 01:53:35,187 - circle_bot - INFO - –û–±—Ä–∞–±–æ—Ç–∫–∞ OpenCV –∑–∞–≤–µ—Ä—à–µ–Ω–∞. –û–±—Ä–∞–±–æ—Ç–∞–Ω–æ 172 –∫–∞–¥—Ä–æ–≤ –∑–∞ 1.4 —Å–µ–∫—É–Ω–¥
2024-12-04 01:53:35,188 - circle_bot - INFO - –ö–æ–Ω–≤–µ—Ä—Ç–∏—Ä—É–µ–º –≤–∏–¥–µ–æ –≤ H.264...
2024-12-04 01:53:36,151 - circle_bot - INFO - –í–∏–¥–µ–æ —É—Å–ø–µ—à–Ω–æ –∫–æ–Ω–≤–µ—Ä—Ç–∏—Ä–æ–≤–∞–Ω–æ –≤ H.264
2024-12-04 01:53:36,152 - circle_bot - INFO - –í–∏–¥–µ–æ —É—Å–ø–µ—à–Ω–æ –æ–±—Ä–∞–±–æ—Ç–∞–Ω–æ –∏ —Å–æ—Ö—Ä–∞–Ω–µ–Ω–æ: /tmp/tmps42h1tvn.mp4
2024-12-04 01:53:36,152 - circle_bot - INFO - –û—Ç–ø—Ä–∞–≤–ª—è–µ–º –æ–±—Ä–∞–±–æ—Ç–∞–Ω–Ω–æ–µ –≤–∏–¥–µ–æ –ø–æ–ª—å–∑–æ–≤–∞—Ç–µ–ª—é...
2024-12-04 01:53:37,950 - circle_bot - INFO - –í–∏–¥–µ–æ —É—Å–ø–µ—à–Ω–æ –æ—Ç–ø—Ä–∞–≤–ª–µ–Ω–æ
2024-12-04 01:55:01,590 - TeleBot - ERROR - Infinity polling: polling exited
2024-12-04 01:55:01,590 - TeleBot - ERROR - Break infinity polling
2024-12-04 01:58:16,777 - circle_bot - INFO - –ë–æ—Ç —É—Å–ø–µ—à–Ω–æ –∏–Ω–∏—Ü–∏–∞–ª–∏–∑–∏—Ä–æ–≤–∞–Ω
2024-12-04 01:58:16,778 - circle_bot - INFO - –ë–æ—Ç –∑–∞–ø—É—â–µ–Ω
2024-12-04 01:58:22,120 - circle_bot - INFO - –ü–æ–ª—å–∑–æ–≤–∞—Ç–µ–ª—å Maltsev_Denis_Vyacheslavovich (ID: 1667948478) –∑–∞–ø—É—Å—Ç–∏–ª –±–æ—Ç–∞
2024-12-04 01:58:22,121 - circle_bot - INFO - –°–æ–∑–¥–∞–Ω–∞ –∫–ª–∞–≤–∏–∞—Ç—É—Ä–∞ —Å –æ—Å–Ω–æ–≤–Ω—ã–º–∏ –∫–Ω–æ–ø–∫–∞–º–∏ –º–µ–Ω—é
2024-12-04 01:58:24,697 - circle_bot - INFO - –ü–æ–ª—É—á–µ–Ω–æ —Ç–µ–∫—Å—Ç–æ–≤–æ–µ —Å–æ–æ–±—â–µ–Ω–∏–µ –æ—Ç –ø–æ–ª—å–∑–æ–≤–∞—Ç–µ–ª—è Maltsev_Denis_Vyacheslavovich (ID: 1667948478): ‚öôÔ∏è –Ω–∞—Å—Ç—Ä–æ–π–∫–∏
2024-12-04 01:58:24,698 - circle_bot - INFO - –ü–æ–ª—å–∑–æ–≤–∞—Ç–µ–ª—å Maltsev_Denis_Vyacheslavovich (ID: 1667948478) –æ—Ç–∫—Ä—ã–ª –Ω–∞—Å—Ç—Ä–æ–π–∫–∏ —á–µ—Ä–µ–∑ —Ç–µ–∫—Å—Ç–æ–≤–æ–µ –º–µ–Ω—é
2024-12-04 01:58:24,701 - circle_bot - INFO - –ü–æ–ª—å–∑–æ–≤–∞—Ç–µ–ª—å Maltsev_Denis_Vyacheslavovich (ID: 1667948478) –æ—Ç–∫—Ä—ã–ª –Ω–∞—Å—Ç—Ä–æ–π–∫–∏
2024-12-04 01:58:26,904 - circle_bot - INFO - –ü–æ–ª—å–∑–æ–≤–∞—Ç–µ–ª—å Maltsev_Denis_Vyacheslavovich (ID: 1667948478) –æ—Ç–∫—Ä—ã–ª –Ω–∞—Å—Ç—Ä–æ–π–∫–∏ —Ä–∞–∑–º–µ—Ä–∞
2024-12-04 01:58:28,415 - circle_bot - INFO - –ü–æ–ª—å–∑–æ–≤–∞—Ç–µ–ª—å Maltsev_Denis_Vyacheslavovich (ID: 1667948478) –∏–∑–º–µ–Ω–∏–ª —Ä–∞–∑–º–µ—Ä –≤—ã—Ö–æ–¥–Ω–æ–π –≤–∏–¥–µ–æ–∑–∞–º–µ—Ç–∫–∏ –Ω–∞ 640
2024-12-04 01:58:57,631 - circle_bot - INFO - –ü–æ–ª—É—á–µ–Ω–æ –≤–∏–¥–µ–æ –æ—Ç –ø–æ–ª—å–∑–æ–≤–∞—Ç–µ–ª—è Maltsev_Denis_Vyacheslavovich (ID: 1667948478)
–†–∞–∑–º–µ—Ä —Ñ–∞–π–ª–∞: 8.09 –ú–ë
2024-12-04 01:58:57,631 - circle_bot - INFO - –ù–∞—Å—Ç—Ä–æ–π–∫–∏ –ø–æ–ª—å–∑–æ–≤–∞—Ç–µ–ª—è: —Ä–∞–∑–º–µ—Ä=640, –∫–∞—á–µ—Å—Ç–≤–æ=medium
2024-12-04 01:58:57,875 - circle_bot - INFO - –°–∫–∞—á–∏–≤–∞–µ–º –≤–∏–¥–µ–æ...
2024-12-04 01:59:05,298 - circle_bot - INFO - –í–∏–¥–µ–æ —É—Å–ø–µ—à–Ω–æ —Å–∫–∞—á–∞–Ω–æ
2024-12-04 01:59:05,580 - circle_bot - INFO - –ó–∞–ø—É—Å–∫–∞–µ–º –æ–±—Ä–∞–±–æ—Ç–∫—É –≤–∏–¥–µ–æ...
2024-12-04 01:59:05,582 - circle_bot - INFO - –ù–∞—á–∏–Ω–∞–µ–º –æ–±—Ä–∞–±–æ—Ç–∫—É –≤–∏–¥–µ–æ –æ—Ç –ø–æ–ª—å–∑–æ–≤–∞—Ç–µ–ª—è Maltsev_Denis_Vyacheslavovich (ID: 1667948478)
2024-12-04 01:59:05,583 - circle_bot - INFO - –ù–∞—á–∏–Ω–∞–µ–º –æ–±—Ä–∞–±–æ—Ç–∫—É –≤–∏–¥–µ–æ...
2024-12-04 01:59:05,636 - circle_bot - INFO - –ü–∞—Ä–∞–º–µ—Ç—Ä—ã –∏—Å—Ö–æ–¥–Ω–æ–≥–æ –≤–∏–¥–µ–æ: 720x1280, 24 FPS, 172 –∫–∞–¥—Ä–æ–≤
2024-12-04 01:59:05,952 - circle_bot - INFO - –û–±—Ä–∞–±–æ—Ç–∞–Ω–æ 30/172 –∫–∞–¥—Ä–æ–≤ (17.4%), 95.4 FPS
2024-12-04 01:59:06,237 - circle_bot - INFO - –û–±—Ä–∞–±–æ—Ç–∞–Ω–æ 60/172 –∫–∞–¥—Ä–æ–≤ (34.9%), 100.1 FPS
2024-12-04 01:59:06,525 - circle_bot - INFO - –û–±—Ä–∞–±–æ—Ç–∞–Ω–æ 90/172 –∫–∞–¥—Ä–æ–≤ (52.3%), 101.4 FPS
2024-12-04 01:59:06,811 - circle_bot - INFO - –û–±—Ä–∞–±–æ—Ç–∞–Ω–æ 120/172 –∫–∞–¥—Ä–æ–≤ (69.8%), 102.3 FPS
2024-12-04 01:59:07,074 - circle_bot - INFO - –û–±—Ä–∞–±–æ—Ç–∞–Ω–æ 150/172 –∫–∞–¥—Ä–æ–≤ (87.2%), 104.5 FPS
2024-12-04 01:59:07,291 - circle_bot - INFO - –û–±—Ä–∞–±–æ—Ç–∫–∞ OpenCV –∑–∞–≤–µ—Ä—à–µ–Ω–∞. –û–±—Ä–∞–±–æ—Ç–∞–Ω–æ 172 –∫–∞–¥—Ä–æ–≤ –∑–∞ 1.7 —Å–µ–∫—É–Ω–¥
2024-12-04 01:59:07,293 - circle_bot - INFO - –ö–æ–Ω–≤–µ—Ä—Ç–∏—Ä—É–µ–º –≤–∏–¥–µ–æ –≤ H.264...
2024-12-04 01:59:08,812 - circle_bot - INFO - –í–∏–¥–µ–æ —É—Å–ø–µ—à–Ω–æ –∫–æ–Ω–≤–µ—Ä—Ç–∏—Ä–æ–≤–∞–Ω–æ –≤ H.264
2024-12-04 01:59:08,813 - circle_bot - INFO - –í–∏–¥–µ–æ —É—Å–ø–µ—à–Ω–æ –æ–±—Ä–∞–±–æ—Ç–∞–Ω–æ –∏ —Å–æ—Ö—Ä–∞–Ω–µ–Ω–æ: /tmp/tmpz07s2f82.mp4
2024-12-04 01:59:09,012 - circle_bot - INFO - –û—Ç–ø—Ä–∞–≤–ª—è–µ–º –æ–±—Ä–∞–±–æ—Ç–∞–Ω–Ω–æ–µ –≤–∏–¥–µ–æ –ø–æ–ª—å–∑–æ–≤–∞—Ç–µ–ª—é...
2024-12-04 01:59:11,618 - circle_bot - INFO - –í–∏–¥–µ–æ —É—Å–ø–µ—à–Ω–æ –æ—Ç–ø—Ä–∞–≤–ª–µ–Ω–æ
2024-12-04 02:00:06,921 - circle_bot - INFO - –ü–æ–ª—É—á–µ–Ω–æ —Ç–µ–∫—Å—Ç–æ–≤–æ–µ —Å–æ–æ–±—â–µ–Ω–∏–µ –æ—Ç –ø–æ–ª—å–∑–æ–≤–∞—Ç–µ–ª—è Maltsev_Denis_Vyacheslavovich (ID: 1667948478): ‚ùì –ø–æ–º–æ—â—å
2024-12-04 02:00:06,921 - circle_bot - INFO - –ü–æ–ª—å–∑–æ–≤–∞—Ç–µ–ª—å Maltsev_Denis_Vyacheslavovich (ID: 1667948478) –∑–∞–ø—Ä–æ—Å–∏–ª –ø–æ–º–æ—â—å —á–µ—Ä–µ–∑ —Ç–µ–∫—Å—Ç–æ–≤–æ–µ –º–µ–Ω—é
2024-12-04 02:00:06,921 - circle_bot - INFO - –ü–æ–ª—å–∑–æ–≤–∞—Ç–µ–ª—å Maltsev_Denis_Vyacheslavovich (ID: 1667948478) –∑–∞–ø—Ä–æ—Å–∏–ª —Å–ø—Ä–∞–≤–∫—É
2024-12-04 02:00:07,126 - circle_bot - INFO - –û—Ç–ø—Ä–∞–≤–ª–µ–Ω–∞ —Å–ø—Ä–∞–≤–æ—á–Ω–∞—è –∏–Ω—Ñ–æ—Ä–º–∞—Ü–∏—è –ø–æ–ª—å–∑–æ–≤–∞—Ç–µ–ª—é Maltsev_Denis_Vyacheslavovich (ID: 1667948478)
2024-12-04 02:00:13,656 - circle_bot - INFO - –ü–æ–ª—É—á–µ–Ω–æ —Ç–µ–∫—Å—Ç–æ–≤–æ–µ —Å–æ–æ–±—â–µ–Ω–∏–µ –æ—Ç –ø–æ–ª—å–∑–æ–≤–∞—Ç–µ–ª—è Maltsev_Denis_Vyacheslavovich (ID: 1667948478): üìä —Å—Ç–∞—Ç–∏—Å—Ç–∏–∫–∞
2024-12-04 02:00:13,656 - circle_bot - INFO - –ü–æ–ª—å–∑–æ–≤–∞—Ç–µ–ª—å Maltsev_Denis_Vyacheslavovich (ID: 1667948478) –∑–∞–ø—Ä–æ—Å–∏–ª —Å—Ç–∞—Ç–∏—Å—Ç–∏–∫—É —á–µ—Ä–µ–∑ —Ç–µ–∫—Å—Ç–æ–≤–æ–µ –º–µ–Ω—é
2024-12-04 02:00:13,656 - circle_bot - INFO - –ü–æ–ª—å–∑–æ–≤–∞—Ç–µ–ª—å Maltsev_Denis_Vyacheslavovich (ID: 1667948478) –∑–∞–ø—Ä–æ—Å–∏–ª —Å—Ç–∞—Ç–∏—Å—Ç–∏–∫—É
2024-12-04 02:00:13,657 - circle_bot - INFO - –ó–∞–ø—Ä–æ—à–µ–Ω–∞ —Å—Ç–∞—Ç–∏—Å—Ç–∏–∫–∞ –¥–ª—è –ø–æ–ª—å–∑–æ–≤–∞—Ç–µ–ª—è (ID: 1667948478):
üìä –í–∞—à–∞ —Å—Ç–∞—Ç–∏—Å—Ç–∏–∫–∞:
–û–±—Ä–∞–±–æ—Ç–∞–Ω–æ –≤–∏–¥–µ–æ: 1
–û–±—â–∏–π —Ä–∞–∑–º–µ—Ä: 8.09 –ú–ë
2024-12-04 02:00:13,657 - circle_bot - INFO - –°—Ç–∞—Ç–∏—Å—Ç–∏–∫–∞ –ø–æ–ª—å–∑–æ–≤–∞—Ç–µ–ª—è Maltsev_Denis_Vyacheslavovich (ID: 1667948478):
- –û–±—Ä–∞–±–æ—Ç–∞–Ω–æ –≤–∏–¥–µ–æ: 1
- –û–±—â–∏–π —Ä–∞–∑–º–µ—Ä: 8.09 –ú–ë
2024-12-04 02:00:21,772 - circle_bot - INFO - –ü–æ–ª—É—á–µ–Ω–æ —Ç–µ–∫—Å—Ç–æ–≤–æ–µ —Å–æ–æ–±—â–µ–Ω–∏–µ –æ—Ç –ø–æ–ª—å–∑–æ–≤–∞—Ç–µ–ª—è Maltsev_Denis_Vyacheslavovich (ID: 1667948478): ‚öôÔ∏è –Ω–∞—Å—Ç—Ä–æ–π–∫–∏
2024-12-04 02:00:21,774 - circle_bot - INFO - –ü–æ–ª—å–∑–æ–≤–∞—Ç–µ–ª—å Maltsev_Denis_Vyacheslavovich (ID: 1667948478) –æ—Ç–∫—Ä—ã–ª –Ω–∞—Å—Ç—Ä–æ–π–∫–∏ —á–µ—Ä–µ–∑ —Ç–µ–∫—Å—Ç–æ–≤–æ–µ –º–µ–Ω—é
2024-12-04 02:00:21,774 - circle_bot - INFO - –ü–æ–ª—å–∑–æ–≤–∞—Ç–µ–ª—å Maltsev_Denis_Vyacheslavovich (ID: 1667948478) –æ—Ç–∫—Ä—ã–ª –Ω–∞—Å—Ç—Ä–æ–π–∫–∏
2024-12-04 02:00:24,046 - circle_bot - INFO - –ü–æ–ª—å–∑–æ–≤–∞—Ç–µ–ª—å Maltsev_Denis_Vyacheslavovich (ID: 1667948478) –æ—Ç–∫—Ä—ã–ª –Ω–∞—Å—Ç—Ä–æ–π–∫–∏ –∫–∞—á–µ—Å—Ç–≤–∞
2024-12-04 02:00:26,310 - circle_bot - INFO - –ü–æ–ª—å–∑–æ–≤–∞—Ç–µ–ª—å den_test_circle_bot (ID: 7712023360) –æ—Ç–∫—Ä—ã–ª –Ω–∞—Å—Ç—Ä–æ–π–∫–∏
2024-12-04 02:01:10,628 - TeleBot - ERROR - Infinity polling: polling exited
2024-12-04 02:01:10,629 - TeleBot - ERROR - Break infinity polling
2024-12-04 02:03:57,655 - circle_bot - INFO - –ë–æ—Ç —É—Å–ø–µ—à–Ω–æ –∏–Ω–∏—Ü–∏–∞–ª–∏–∑–∏—Ä–æ–≤–∞–Ω
2024-12-04 02:03:57,655 - circle_bot - INFO - –ë–æ—Ç –∑–∞–ø—É—â–µ–Ω
2024-12-04 02:04:09,631 - circle_bot - INFO - –ü–æ–ª—å–∑–æ–≤–∞—Ç–µ–ª—å Maltsev_Denis_Vyacheslavovich (ID: 1667948478) –∑–∞–ø—É—Å—Ç–∏–ª –±–æ—Ç–∞
2024-12-04 02:04:09,633 - circle_bot - INFO - –°–æ–∑–¥–∞–Ω–∞ –∫–ª–∞–≤–∏–∞—Ç—É—Ä–∞ —Å –æ—Å–Ω–æ–≤–Ω—ã–º–∏ –∫–Ω–æ–ø–∫–∞–º–∏ –º–µ–Ω—é
2024-12-04 02:04:11,470 - circle_bot - INFO - –ü–æ–ª—É—á–µ–Ω–æ —Ç–µ–∫—Å—Ç–æ–≤–æ–µ —Å–æ–æ–±—â–µ–Ω–∏–µ –æ—Ç –ø–æ–ª—å–∑–æ–≤–∞—Ç–µ–ª—è Maltsev_Denis_Vyacheslavovich (ID: 1667948478): ‚öôÔ∏è –Ω–∞—Å—Ç—Ä–æ–π–∫–∏
2024-12-04 02:04:11,470 - circle_bot - INFO - –ü–æ–ª—å–∑–æ–≤–∞—Ç–µ–ª—å Maltsev_Denis_Vyacheslavovich (ID: 1667948478) –æ—Ç–∫—Ä—ã–ª –Ω–∞—Å—Ç—Ä–æ–π–∫–∏ —á–µ—Ä–µ–∑ —Ç–µ–∫—Å—Ç–æ–≤–æ–µ –º–µ–Ω—é
2024-12-04 02:04:11,470 - circle_bot - INFO - –ü–æ–ª—å–∑–æ–≤–∞—Ç–µ–ª—å Maltsev_Denis_Vyacheslavovich (ID: 1667948478) –æ—Ç–∫—Ä—ã–ª –Ω–∞—Å—Ç—Ä–æ–π–∫–∏
2024-12-04 02:04:11,470 - circle_bot - INFO - –°–æ–∑–¥–∞–Ω—ã –Ω–∞—Å—Ç—Ä–æ–π–∫–∏ –ø–æ —É–º–æ–ª—á–∞–Ω–∏—é –¥–ª—è –ø–æ–ª—å–∑–æ–≤–∞—Ç–µ–ª—è Maltsev_Denis_Vyacheslavovich (ID: 1667948478)
2024-12-04 02:04:12,000 - circle_bot - INFO - –¢–µ–∫—É—â–∏–µ –Ω–∞—Å—Ç—Ä–æ–π–∫–∏ –ø–æ–ª—å–∑–æ–≤–∞—Ç–µ–ª—è Maltsev_Denis_Vyacheslavovich (ID: 1667948478):
- –†–∞–∑–º–µ—Ä: 384x384
- –ö–∞—á–µ—Å—Ç–≤–æ: —Å—Ä–µ–¥–Ω–µ–µ
2024-12-04 02:04:14,508 - circle_bot - INFO - –ü–æ–ª—å–∑–æ–≤–∞—Ç–µ–ª—å Maltsev_Denis_Vyacheslavovich (ID: 1667948478) –æ—Ç–∫—Ä—ã–ª –º–µ–Ω—é –≤—ã–±–æ—Ä–∞ —Ä–∞–∑–º–µ—Ä–∞
2024-12-04 02:04:16,875 - circle_bot - INFO - –ü–æ–ª—å–∑–æ–≤–∞—Ç–µ–ª—å Maltsev_Denis_Vyacheslavovich (ID: 1667948478) –º–µ–Ω—è–µ—Ç —Ä–∞–∑–º–µ—Ä –≤–∏–¥–µ–æ: 384x384 ‚Üí 568x568
2024-12-04 02:04:16,876 - circle_bot - INFO - –ü–æ–ª—å–∑–æ–≤–∞—Ç–µ–ª—å Maltsev_Denis_Vyacheslavovich (ID: 1667948478) –æ—Ç–∫—Ä—ã–ª –º–µ–Ω—é –≤—ã–±–æ—Ä–∞ —Ä–∞–∑–º–µ—Ä–∞
2024-12-04 02:04:17,265 - circle_bot - INFO - –†–∞–∑–º–µ—Ä –≤–∏–¥–µ–æ —É—Å–ø–µ—à–Ω–æ –∏–∑–º–µ–Ω–µ–Ω –¥–ª—è –ø–æ–ª—å–∑–æ–≤–∞—Ç–µ–ª—è Maltsev_Denis_Vyacheslavovich (ID: 1667948478)
2024-12-04 02:04:33,006 - circle_bot - INFO - –ü–æ–ª—å–∑–æ–≤–∞—Ç–µ–ª—å Maltsev_Denis_Vyacheslavovich (ID: 1667948478) –≤–µ—Ä–Ω—É–ª—Å—è –≤ –≥–ª–∞–≤–Ω–æ–µ –º–µ–Ω—é –Ω–∞—Å—Ç—Ä–æ–µ–∫
2024-12-04 02:04:33,008 - circle_bot - INFO - –ü–æ–ª—å–∑–æ–≤–∞—Ç–µ–ª—å den_test_circle_bot (ID: 7712023360) –æ—Ç–∫—Ä—ã–ª –Ω–∞—Å—Ç—Ä–æ–π–∫–∏
2024-12-04 02:04:33,008 - circle_bot - INFO - –°–æ–∑–¥–∞–Ω—ã –Ω–∞—Å—Ç—Ä–æ–π–∫–∏ –ø–æ —É–º–æ–ª—á–∞–Ω–∏—é –¥–ª—è –ø–æ–ª—å–∑–æ–≤–∞—Ç–µ–ª—è den_test_circle_bot (ID: 7712023360)
2024-12-04 02:04:33,216 - circle_bot - INFO - –¢–µ–∫—É—â–∏–µ –Ω–∞—Å—Ç—Ä–æ–π–∫–∏ –ø–æ–ª—å–∑–æ–≤–∞—Ç–µ–ª—è den_test_circle_bot (ID: 7712023360):
- –†–∞–∑–º–µ—Ä: 384x384
- –ö–∞—á–µ—Å—Ç–≤–æ: —Å—Ä–µ–¥–Ω–µ–µ
2024-12-04 02:04:34,329 - circle_bot - INFO - –ü–æ–ª—å–∑–æ–≤–∞—Ç–µ–ª—å Maltsev_Denis_Vyacheslavovich (ID: 1667948478) –æ—Ç–∫—Ä—ã–ª –º–µ–Ω—é –≤—ã–±–æ—Ä–∞ –∫–∞—á–µ—Å—Ç–≤–∞
2024-12-04 02:04:36,339 - circle_bot - INFO - –ü–æ–ª—å–∑–æ–≤–∞—Ç–µ–ª—å Maltsev_Denis_Vyacheslavovich (ID: 1667948478) –º–µ–Ω—è–µ—Ç –∫–∞—á–µ—Å—Ç–≤–æ –≤–∏–¥–µ–æ: —Å—Ä–µ–¥–Ω–µ–µ ‚Üí —Å—Ä–µ–¥–Ω–µ–µ
2024-12-04 02:04:36,339 - circle_bot - INFO - –ü–æ–ª—å–∑–æ–≤–∞—Ç–µ–ª—å Maltsev_Denis_Vyacheslavovich (ID: 1667948478) –æ—Ç–∫—Ä—ã–ª –º–µ–Ω—é –≤—ã–±–æ—Ä–∞ –∫–∞—á–µ—Å—Ç–≤–∞
2024-12-04 02:04:36,524 - circle_bot - ERROR - –û—à–∏–±–∫–∞ –ø—Ä–∏ –∏–∑–º–µ–Ω–µ–Ω–∏–∏ –∫–∞—á–µ—Å—Ç–≤–∞ –≤–∏–¥–µ–æ: A request to the Telegram API was unsuccessful. Error code: 400. Description: Bad Request: message is not modified: specified new message content and reply markup are exactly the same as a current content and reply markup of the message
2024-12-04 02:04:36,737 - TeleBot - ERROR - Threaded polling exception: A request to the Telegram API was unsuccessful. Error code: 400. Description: Bad Request: MESSAGE_TOO_LONG
2024-12-04 02:04:36,739 - TeleBot - ERROR - Exception traceback:
Traceback (most recent call last):
  File "/home/denis/Python/Circle-Telegram-Bot-main/circle_bot.py", line 258, in change_quality
    show_quality(call)
  File "/home/denis/Python/Circle-Telegram-Bot-main/circle_bot.py", line 199, in show_quality
    bot.edit_message_text(
  File "/home/denis/Python/Circle-Telegram-Bot-main/venv/lib/python3.12/site-packages/telebot/__init__.py", line 4801, in edit_message_text
    result = apihelper.edit_message_text(
             ^^^^^^^^^^^^^^^^^^^^^^^^^^^^
  File "/home/denis/Python/Circle-Telegram-Bot-main/venv/lib/python3.12/site-packages/telebot/apihelper.py", line 1440, in edit_message_text
    return _make_request(token, method_url, params=payload, method='post')
           ^^^^^^^^^^^^^^^^^^^^^^^^^^^^^^^^^^^^^^^^^^^^^^^^^^^^^^^^^^^^^^^
  File "/home/denis/Python/Circle-Telegram-Bot-main/venv/lib/python3.12/site-packages/telebot/apihelper.py", line 168, in _make_request
    json_result = _check_result(method_name, result)
                  ^^^^^^^^^^^^^^^^^^^^^^^^^^^^^^^^^^
  File "/home/denis/Python/Circle-Telegram-Bot-main/venv/lib/python3.12/site-packages/telebot/apihelper.py", line 195, in _check_result
    raise ApiTelegramException(method_name, result, result_json)
telebot.apihelper.ApiTelegramException: A request to the Telegram API was unsuccessful. Error code: 400. Description: Bad Request: message is not modified: specified new message content and reply markup are exactly the same as a current content and reply markup of the message

During handling of the above exception, another exception occurred:

Traceback (most recent call last):
  File "/home/denis/Python/Circle-Telegram-Bot-main/venv/lib/python3.12/site-packages/telebot/__init__.py", line 1226, in __threaded_polling
    self.worker_pool.raise_exceptions()
  File "/home/denis/Python/Circle-Telegram-Bot-main/venv/lib/python3.12/site-packages/telebot/util.py", line 150, in raise_exceptions
    raise self.exception_info
  File "/home/denis/Python/Circle-Telegram-Bot-main/venv/lib/python3.12/site-packages/telebot/util.py", line 93, in run
    task(*args, **kwargs)
  File "/home/denis/Python/Circle-Telegram-Bot-main/venv/lib/python3.12/site-packages/telebot/__init__.py", line 8822, in _run_middlewares_and_handler
    result = handler['function'](message)
             ^^^^^^^^^^^^^^^^^^^^^^^^^^^^
  File "/home/denis/Python/Circle-Telegram-Bot-main/circle_bot.py", line 272, in change_quality
    bot.answer_callback_query(call.id, f"‚ùå {error_msg}", show_alert=True)
  File "/home/denis/Python/Circle-Telegram-Bot-main/venv/lib/python3.12/site-packages/telebot/__init__.py", line 5838, in answer_callback_query
    return apihelper.answer_callback_query(
           ^^^^^^^^^^^^^^^^^^^^^^^^^^^^^^^^
  File "/home/denis/Python/Circle-Telegram-Bot-main/venv/lib/python3.12/site-packages/telebot/apihelper.py", line 1775, in answer_callback_query
    return _make_request(token, method_url, params=payload, method='post')
           ^^^^^^^^^^^^^^^^^^^^^^^^^^^^^^^^^^^^^^^^^^^^^^^^^^^^^^^^^^^^^^^
  File "/home/denis/Python/Circle-Telegram-Bot-main/venv/lib/python3.12/site-packages/telebot/apihelper.py", line 168, in _make_request
    json_result = _check_result(method_name, result)
                  ^^^^^^^^^^^^^^^^^^^^^^^^^^^^^^^^^^
  File "/home/denis/Python/Circle-Telegram-Bot-main/venv/lib/python3.12/site-packages/telebot/apihelper.py", line 195, in _check_result
    raise ApiTelegramException(method_name, result, result_json)
telebot.apihelper.ApiTelegramException: A request to the Telegram API was unsuccessful. Error code: 400. Description: Bad Request: MESSAGE_TOO_LONG

2024-12-04 02:04:38,822 - circle_bot - INFO - –ü–æ–ª—å–∑–æ–≤–∞—Ç–µ–ª—å Maltsev_Denis_Vyacheslavovich (ID: 1667948478) –º–µ–Ω—è–µ—Ç –∫–∞—á–µ—Å—Ç–≤–æ –≤–∏–¥–µ–æ: —Å—Ä–µ–¥–Ω–µ–µ ‚Üí –≤—ã—Å–æ–∫–æ–µ
2024-12-04 02:04:38,823 - circle_bot - INFO - –ü–æ–ª—å–∑–æ–≤–∞—Ç–µ–ª—å Maltsev_Denis_Vyacheslavovich (ID: 1667948478) –æ—Ç–∫—Ä—ã–ª –º–µ–Ω—é –≤—ã–±–æ—Ä–∞ –∫–∞—á–µ—Å—Ç–≤–∞
2024-12-04 02:04:39,213 - circle_bot - INFO - –ö–∞—á–µ—Å—Ç–≤–æ –≤–∏–¥–µ–æ —É—Å–ø–µ—à–Ω–æ –∏–∑–º–µ–Ω–µ–Ω–æ –¥–ª—è –ø–æ–ª—å–∑–æ–≤–∞—Ç–µ–ª—è Maltsev_Denis_Vyacheslavovich (ID: 1667948478)
2024-12-04 02:05:04,413 - circle_bot - INFO - –ü–æ–ª—É—á–µ–Ω–æ –≤–∏–¥–µ–æ –æ—Ç –ø–æ–ª—å–∑–æ–≤–∞—Ç–µ–ª—è Maltsev_Denis_Vyacheslavovich (ID: 1667948478)
–†–∞–∑–º–µ—Ä —Ñ–∞–π–ª–∞: 8.09 –ú–ë
2024-12-04 02:05:04,413 - circle_bot - INFO - –ù–∞—Å—Ç—Ä–æ–π–∫–∏ –ø–æ–ª—å–∑–æ–≤–∞—Ç–µ–ª—è: —Ä–∞–∑–º–µ—Ä=568, –∫–∞—á–µ—Å—Ç–≤–æ=high
2024-12-04 02:05:04,600 - circle_bot - INFO - –°–∫–∞—á–∏–≤–∞–µ–º –≤–∏–¥–µ–æ...
2024-12-04 02:05:11,659 - circle_bot - INFO - –í–∏–¥–µ–æ —É—Å–ø–µ—à–Ω–æ —Å–∫–∞—á–∞–Ω–æ
2024-12-04 02:05:11,842 - circle_bot - INFO - –ó–∞–ø—É—Å–∫–∞–µ–º –æ–±—Ä–∞–±–æ—Ç–∫—É –≤–∏–¥–µ–æ...
2024-12-04 02:05:11,843 - circle_bot - INFO - –ù–∞—á–∏–Ω–∞–µ–º –æ–±—Ä–∞–±–æ—Ç–∫—É –≤–∏–¥–µ–æ –æ—Ç –ø–æ–ª—å–∑–æ–≤–∞—Ç–µ–ª—è Maltsev_Denis_Vyacheslavovich (ID: 1667948478)
2024-12-04 02:05:11,844 - circle_bot - INFO - –ù–∞—á–∏–Ω–∞–µ–º –æ–±—Ä–∞–±–æ—Ç–∫—É –≤–∏–¥–µ–æ...
2024-12-04 02:05:11,893 - circle_bot - INFO - –ü–∞—Ä–∞–º–µ—Ç—Ä—ã –∏—Å—Ö–æ–¥–Ω–æ–≥–æ –≤–∏–¥–µ–æ: 720x1280, 24 FPS, 172 –∫–∞–¥—Ä–æ–≤
2024-12-04 02:05:12,169 - circle_bot - INFO - –û–±—Ä–∞–±–æ—Ç–∞–Ω–æ 30/172 –∫–∞–¥—Ä–æ–≤ (17.4%), 109.8 FPS
2024-12-04 02:05:12,432 - circle_bot - INFO - –û–±—Ä–∞–±–æ—Ç–∞–Ω–æ 60/172 –∫–∞–¥—Ä–æ–≤ (34.9%), 112.0 FPS
2024-12-04 02:05:12,709 - circle_bot - INFO - –û–±—Ä–∞–±–æ—Ç–∞–Ω–æ 90/172 –∫–∞–¥—Ä–æ–≤ (52.3%), 110.6 FPS
2024-12-04 02:05:13,003 - circle_bot - INFO - –û–±—Ä–∞–±–æ—Ç–∞–Ω–æ 120/172 –∫–∞–¥—Ä–æ–≤ (69.8%), 108.3 FPS
2024-12-04 02:05:13,263 - circle_bot - INFO - –û–±—Ä–∞–±–æ—Ç–∞–Ω–æ 150/172 –∫–∞–¥—Ä–æ–≤ (87.2%), 109.7 FPS
2024-12-04 02:05:13,468 - circle_bot - INFO - –û–±—Ä–∞–±–æ—Ç–∫–∞ OpenCV –∑–∞–≤–µ—Ä—à–µ–Ω–∞. –û–±—Ä–∞–±–æ—Ç–∞–Ω–æ 172 –∫–∞–¥—Ä–æ–≤ –∑–∞ 1.6 —Å–µ–∫—É–Ω–¥
2024-12-04 02:05:13,469 - circle_bot - INFO - –ö–æ–Ω–≤–µ—Ä—Ç–∏—Ä—É–µ–º –≤–∏–¥–µ–æ –≤ H.264...
2024-12-04 02:05:15,040 - circle_bot - INFO - –í–∏–¥–µ–æ —É—Å–ø–µ—à–Ω–æ –∫–æ–Ω–≤–µ—Ä—Ç–∏—Ä–æ–≤–∞–Ω–æ –≤ H.264
2024-12-04 02:05:15,042 - circle_bot - INFO - –í–∏–¥–µ–æ —É—Å–ø–µ—à–Ω–æ –æ–±—Ä–∞–±–æ—Ç–∞–Ω–æ –∏ —Å–æ—Ö—Ä–∞–Ω–µ–Ω–æ: /tmp/tmpred5j8pt.mp4
2024-12-04 02:05:15,234 - circle_bot - INFO - –û—Ç–ø—Ä–∞–≤–ª—è–µ–º –æ–±—Ä–∞–±–æ—Ç–∞–Ω–Ω–æ–µ –≤–∏–¥–µ–æ –ø–æ–ª—å–∑–æ–≤–∞—Ç–µ–ª—é...
2024-12-04 02:05:20,792 - circle_bot - INFO - –í–∏–¥–µ–æ —É—Å–ø–µ—à–Ω–æ –æ—Ç–ø—Ä–∞–≤–ª–µ–Ω–æ
2024-12-04 02:06:26,150 - circle_bot - INFO - –ü–æ–ª—É—á–µ–Ω–æ —Ç–µ–∫—Å—Ç–æ–≤–æ–µ —Å–æ–æ–±—â–µ–Ω–∏–µ –æ—Ç –ø–æ–ª—å–∑–æ–≤–∞—Ç–µ–ª—è Maltsev_Denis_Vyacheslavovich (ID: 1667948478): üìä —Å—Ç–∞—Ç–∏—Å—Ç–∏–∫–∞
2024-12-04 02:06:26,151 - circle_bot - INFO - –ü–æ–ª—å–∑–æ–≤–∞—Ç–µ–ª—å Maltsev_Denis_Vyacheslavovich (ID: 1667948478) –∑–∞–ø—Ä–æ—Å–∏–ª —Å—Ç–∞—Ç–∏—Å—Ç–∏–∫—É —á–µ—Ä–µ–∑ —Ç–µ–∫—Å—Ç–æ–≤–æ–µ –º–µ–Ω—é
2024-12-04 02:06:26,151 - circle_bot - INFO - –ü–æ–ª—å–∑–æ–≤–∞—Ç–µ–ª—å Maltsev_Denis_Vyacheslavovich (ID: 1667948478) –∑–∞–ø—Ä–æ—Å–∏–ª —Å—Ç–∞—Ç–∏—Å—Ç–∏–∫—É
2024-12-04 02:06:26,151 - circle_bot - INFO - –ó–∞–ø—Ä–æ—à–µ–Ω–∞ —Å—Ç–∞—Ç–∏—Å—Ç–∏–∫–∞ –¥–ª—è –ø–æ–ª—å–∑–æ–≤–∞—Ç–µ–ª—è (ID: 1667948478):
üìä –í–∞—à–∞ —Å—Ç–∞—Ç–∏—Å—Ç–∏–∫–∞:
–û–±—Ä–∞–±–æ—Ç–∞–Ω–æ –≤–∏–¥–µ–æ: 1
–û–±—â–∏–π —Ä–∞–∑–º–µ—Ä: 8.09 –ú–ë
2024-12-04 02:06:26,151 - circle_bot - INFO - –°—Ç–∞—Ç–∏—Å—Ç–∏–∫–∞ –ø–æ–ª—å–∑–æ–≤–∞—Ç–µ–ª—è Maltsev_Denis_Vyacheslavovich (ID: 1667948478):
- –û–±—Ä–∞–±–æ—Ç–∞–Ω–æ –≤–∏–¥–µ–æ: 1
- –û–±—â–∏–π —Ä–∞–∑–º–µ—Ä: 8.09 –ú–ë
2024-12-04 02:06:30,073 - circle_bot - INFO - –ü–æ–ª—É—á–µ–Ω–æ —Ç–µ–∫—Å—Ç–æ–≤–æ–µ —Å–æ–æ–±—â–µ–Ω–∏–µ –æ—Ç –ø–æ–ª—å–∑–æ–≤–∞—Ç–µ–ª—è Maltsev_Denis_Vyacheslavovich (ID: 1667948478): ‚öôÔ∏è –Ω–∞—Å—Ç—Ä–æ–π–∫–∏
2024-12-04 02:06:30,075 - circle_bot - INFO - –ü–æ–ª—å–∑–æ–≤–∞—Ç–µ–ª—å Maltsev_Denis_Vyacheslavovich (ID: 1667948478) –æ—Ç–∫—Ä—ã–ª –Ω–∞—Å—Ç—Ä–æ–π–∫–∏ —á–µ—Ä–µ–∑ —Ç–µ–∫—Å—Ç–æ–≤–æ–µ –º–µ–Ω—é
2024-12-04 02:06:30,075 - circle_bot - INFO - –ü–æ–ª—å–∑–æ–≤–∞—Ç–µ–ª—å Maltsev_Denis_Vyacheslavovich (ID: 1667948478) –æ—Ç–∫—Ä—ã–ª –Ω–∞—Å—Ç—Ä–æ–π–∫–∏
2024-12-04 02:06:30,281 - circle_bot - INFO - –¢–µ–∫—É—â–∏–µ –Ω–∞—Å—Ç—Ä–æ–π–∫–∏ –ø–æ–ª—å–∑–æ–≤–∞—Ç–µ–ª—è Maltsev_Denis_Vyacheslavovich (ID: 1667948478):
- –†–∞–∑–º–µ—Ä: 568x568
- –ö–∞—á–µ—Å—Ç–≤–æ: –≤—ã—Å–æ–∫–æ–µ
2024-12-04 02:06:32,076 - circle_bot - INFO - –ü–æ–ª—å–∑–æ–≤–∞—Ç–µ–ª—å Maltsev_Denis_Vyacheslavovich (ID: 1667948478) –æ—Ç–∫—Ä—ã–ª –º–µ–Ω—é –≤—ã–±–æ—Ä–∞ —Ä–∞–∑–º–µ—Ä–∞
2024-12-04 02:06:34,017 - circle_bot - INFO - –ü–æ–ª—å–∑–æ–≤–∞—Ç–µ–ª—å Maltsev_Denis_Vyacheslavovich (ID: 1667948478) –º–µ–Ω—è–µ—Ç —Ä–∞–∑–º–µ—Ä –≤–∏–¥–µ–æ: 568x568 ‚Üí 640x640
2024-12-04 02:06:34,018 - circle_bot - INFO - –ü–æ–ª—å–∑–æ–≤–∞—Ç–µ–ª—å Maltsev_Denis_Vyacheslavovich (ID: 1667948478) –æ—Ç–∫—Ä—ã–ª –º–µ–Ω—é –≤—ã–±–æ—Ä–∞ —Ä–∞–∑–º–µ—Ä–∞
2024-12-04 02:06:34,381 - circle_bot - INFO - –†–∞–∑–º–µ—Ä –≤–∏–¥–µ–æ —É—Å–ø–µ—à–Ω–æ –∏–∑–º–µ–Ω–µ–Ω –¥–ª—è –ø–æ–ª—å–∑–æ–≤–∞—Ç–µ–ª—è Maltsev_Denis_Vyacheslavovich (ID: 1667948478)
2024-12-04 02:06:37,735 - circle_bot - INFO - –ü–æ–ª—å–∑–æ–≤–∞—Ç–µ–ª—å Maltsev_Denis_Vyacheslavovich (ID: 1667948478) –≤–µ—Ä–Ω—É–ª—Å—è –≤ –≥–ª–∞–≤–Ω–æ–µ –º–µ–Ω—é –Ω–∞—Å—Ç—Ä–æ–µ–∫
2024-12-04 02:06:37,736 - circle_bot - INFO - –ü–æ–ª—å–∑–æ–≤–∞—Ç–µ–ª—å den_test_circle_bot (ID: 7712023360) –æ—Ç–∫—Ä—ã–ª –Ω–∞—Å—Ç—Ä–æ–π–∫–∏
2024-12-04 02:06:37,961 - circle_bot - INFO - –¢–µ–∫—É—â–∏–µ –Ω–∞—Å—Ç—Ä–æ–π–∫–∏ –ø–æ–ª—å–∑–æ–≤–∞—Ç–µ–ª—è den_test_circle_bot (ID: 7712023360):
- –†–∞–∑–º–µ—Ä: 384x384
- –ö–∞—á–µ—Å—Ç–≤–æ: —Å—Ä–µ–¥–Ω–µ–µ
2024-12-04 02:06:39,362 - circle_bot - INFO - –ü–æ–ª—å–∑–æ–≤–∞—Ç–µ–ª—å Maltsev_Denis_Vyacheslavovich (ID: 1667948478) –æ—Ç–∫—Ä—ã–ª –º–µ–Ω—é –≤—ã–±–æ—Ä–∞ –∫–∞—á–µ—Å—Ç–≤–∞
2024-12-04 02:06:41,413 - circle_bot - INFO - –ü–æ–ª—å–∑–æ–≤–∞—Ç–µ–ª—å Maltsev_Denis_Vyacheslavovich (ID: 1667948478) –º–µ–Ω—è–µ—Ç –∫–∞—á–µ—Å—Ç–≤–æ –≤–∏–¥–µ–æ: –≤—ã—Å–æ–∫–æ–µ ‚Üí –≤—ã—Å–æ–∫–æ–µ
2024-12-04 02:06:41,414 - circle_bot - INFO - –ü–æ–ª—å–∑–æ–≤–∞—Ç–µ–ª—å Maltsev_Denis_Vyacheslavovich (ID: 1667948478) –æ—Ç–∫—Ä—ã–ª –º–µ–Ω—é –≤—ã–±–æ—Ä–∞ –∫–∞—á–µ—Å—Ç–≤–∞
2024-12-04 02:06:41,615 - circle_bot - ERROR - –û—à–∏–±–∫–∞ –ø—Ä–∏ –∏–∑–º–µ–Ω–µ–Ω–∏–∏ –∫–∞—á–µ—Å—Ç–≤–∞ –≤–∏–¥–µ–æ: A request to the Telegram API was unsuccessful. Error code: 400. Description: Bad Request: message is not modified: specified new message content and reply markup are exactly the same as a current content and reply markup of the message
2024-12-04 02:06:41,862 - TeleBot - ERROR - Threaded polling exception: A request to the Telegram API was unsuccessful. Error code: 400. Description: Bad Request: MESSAGE_TOO_LONG
2024-12-04 02:06:41,862 - TeleBot - ERROR - Exception traceback:
Traceback (most recent call last):
  File "/home/denis/Python/Circle-Telegram-Bot-main/circle_bot.py", line 258, in change_quality
    show_quality(call)
  File "/home/denis/Python/Circle-Telegram-Bot-main/circle_bot.py", line 199, in show_quality
    bot.edit_message_text(
  File "/home/denis/Python/Circle-Telegram-Bot-main/venv/lib/python3.12/site-packages/telebot/__init__.py", line 4801, in edit_message_text
    result = apihelper.edit_message_text(
             ^^^^^^^^^^^^^^^^^^^^^^^^^^^^
  File "/home/denis/Python/Circle-Telegram-Bot-main/venv/lib/python3.12/site-packages/telebot/apihelper.py", line 1440, in edit_message_text
    return _make_request(token, method_url, params=payload, method='post')
           ^^^^^^^^^^^^^^^^^^^^^^^^^^^^^^^^^^^^^^^^^^^^^^^^^^^^^^^^^^^^^^^
  File "/home/denis/Python/Circle-Telegram-Bot-main/venv/lib/python3.12/site-packages/telebot/apihelper.py", line 168, in _make_request
    json_result = _check_result(method_name, result)
                  ^^^^^^^^^^^^^^^^^^^^^^^^^^^^^^^^^^
  File "/home/denis/Python/Circle-Telegram-Bot-main/venv/lib/python3.12/site-packages/telebot/apihelper.py", line 195, in _check_result
    raise ApiTelegramException(method_name, result, result_json)
telebot.apihelper.ApiTelegramException: A request to the Telegram API was unsuccessful. Error code: 400. Description: Bad Request: message is not modified: specified new message content and reply markup are exactly the same as a current content and reply markup of the message

During handling of the above exception, another exception occurred:

Traceback (most recent call last):
  File "/home/denis/Python/Circle-Telegram-Bot-main/venv/lib/python3.12/site-packages/telebot/__init__.py", line 1226, in __threaded_polling
    self.worker_pool.raise_exceptions()
  File "/home/denis/Python/Circle-Telegram-Bot-main/venv/lib/python3.12/site-packages/telebot/util.py", line 150, in raise_exceptions
    raise self.exception_info
  File "/home/denis/Python/Circle-Telegram-Bot-main/venv/lib/python3.12/site-packages/telebot/util.py", line 93, in run
    task(*args, **kwargs)
  File "/home/denis/Python/Circle-Telegram-Bot-main/venv/lib/python3.12/site-packages/telebot/__init__.py", line 8822, in _run_middlewares_and_handler
    result = handler['function'](message)
             ^^^^^^^^^^^^^^^^^^^^^^^^^^^^
  File "/home/denis/Python/Circle-Telegram-Bot-main/circle_bot.py", line 272, in change_quality
    bot.answer_callback_query(call.id, f"‚ùå {error_msg}", show_alert=True)
  File "/home/denis/Python/Circle-Telegram-Bot-main/venv/lib/python3.12/site-packages/telebot/__init__.py", line 5838, in answer_callback_query
    return apihelper.answer_callback_query(
           ^^^^^^^^^^^^^^^^^^^^^^^^^^^^^^^^
  File "/home/denis/Python/Circle-Telegram-Bot-main/venv/lib/python3.12/site-packages/telebot/apihelper.py", line 1775, in answer_callback_query
    return _make_request(token, method_url, params=payload, method='post')
           ^^^^^^^^^^^^^^^^^^^^^^^^^^^^^^^^^^^^^^^^^^^^^^^^^^^^^^^^^^^^^^^
  File "/home/denis/Python/Circle-Telegram-Bot-main/venv/lib/python3.12/site-packages/telebot/apihelper.py", line 168, in _make_request
    json_result = _check_result(method_name, result)
                  ^^^^^^^^^^^^^^^^^^^^^^^^^^^^^^^^^^
  File "/home/denis/Python/Circle-Telegram-Bot-main/venv/lib/python3.12/site-packages/telebot/apihelper.py", line 195, in _check_result
    raise ApiTelegramException(method_name, result, result_json)
telebot.apihelper.ApiTelegramException: A request to the Telegram API was unsuccessful. Error code: 400. Description: Bad Request: MESSAGE_TOO_LONG

2024-12-04 02:06:59,083 - circle_bot - INFO - –ü–æ–ª—É—á–µ–Ω–æ –≤–∏–¥–µ–æ –æ—Ç –ø–æ–ª—å–∑–æ–≤–∞—Ç–µ–ª—è Maltsev_Denis_Vyacheslavovich (ID: 1667948478)
–†–∞–∑–º–µ—Ä —Ñ–∞–π–ª–∞: 8.09 –ú–ë
2024-12-04 02:06:59,084 - circle_bot - INFO - –ù–∞—Å—Ç—Ä–æ–π–∫–∏ –ø–æ–ª—å–∑–æ–≤–∞—Ç–µ–ª—è: —Ä–∞–∑–º–µ—Ä=640, –∫–∞—á–µ—Å—Ç–≤–æ=high
2024-12-04 02:06:59,274 - circle_bot - INFO - –°–∫–∞—á–∏–≤–∞–µ–º –≤–∏–¥–µ–æ...
2024-12-04 02:07:07,737 - circle_bot - INFO - –í–∏–¥–µ–æ —É—Å–ø–µ—à–Ω–æ —Å–∫–∞—á–∞–Ω–æ
2024-12-04 02:07:07,935 - circle_bot - INFO - –ó–∞–ø—É—Å–∫–∞–µ–º –æ–±—Ä–∞–±–æ—Ç–∫—É –≤–∏–¥–µ–æ...
2024-12-04 02:07:07,935 - circle_bot - INFO - –ù–∞—á–∏–Ω–∞–µ–º –æ–±—Ä–∞–±–æ—Ç–∫—É –≤–∏–¥–µ–æ –æ—Ç –ø–æ–ª—å–∑–æ–≤–∞—Ç–µ–ª—è Maltsev_Denis_Vyacheslavovich (ID: 1667948478)
2024-12-04 02:07:07,935 - circle_bot - INFO - –ù–∞—á–∏–Ω–∞–µ–º –æ–±—Ä–∞–±–æ—Ç–∫—É –≤–∏–¥–µ–æ...
2024-12-04 02:07:07,968 - circle_bot - INFO - –ü–∞—Ä–∞–º–µ—Ç—Ä—ã –∏—Å—Ö–æ–¥–Ω–æ–≥–æ –≤–∏–¥–µ–æ: 720x1280, 24 FPS, 172 –∫–∞–¥—Ä–æ–≤
2024-12-04 02:07:08,262 - circle_bot - INFO - –û–±—Ä–∞–±–æ—Ç–∞–Ω–æ 30/172 –∫–∞–¥—Ä–æ–≤ (17.4%), 102.5 FPS
2024-12-04 02:07:08,539 - circle_bot - INFO - –û–±—Ä–∞–±–æ—Ç–∞–Ω–æ 60/172 –∫–∞–¥—Ä–æ–≤ (34.9%), 105.2 FPS
2024-12-04 02:07:08,812 - circle_bot - INFO - –û–±—Ä–∞–±–æ—Ç–∞–Ω–æ 90/172 –∫–∞–¥—Ä–æ–≤ (52.3%), 106.7 FPS
2024-12-04 02:07:09,111 - circle_bot - INFO - –û–±—Ä–∞–±–æ—Ç–∞–Ω–æ 120/172 –∫–∞–¥—Ä–æ–≤ (69.8%), 105.0 FPS
2024-12-04 02:07:09,415 - circle_bot - INFO - –û–±—Ä–∞–±–æ—Ç–∞–Ω–æ 150/172 –∫–∞–¥—Ä–æ–≤ (87.2%), 103.7 FPS
2024-12-04 02:07:09,613 - circle_bot - INFO - –û–±—Ä–∞–±–æ—Ç–∫–∞ OpenCV –∑–∞–≤–µ—Ä—à–µ–Ω–∞. –û–±—Ä–∞–±–æ—Ç–∞–Ω–æ 172 –∫–∞–¥—Ä–æ–≤ –∑–∞ 1.6 —Å–µ–∫—É–Ω–¥
2024-12-04 02:07:09,614 - circle_bot - INFO - –ö–æ–Ω–≤–µ—Ä—Ç–∏—Ä—É–µ–º –≤–∏–¥–µ–æ –≤ H.264...
2024-12-04 02:07:11,424 - circle_bot - INFO - –í–∏–¥–µ–æ —É—Å–ø–µ—à–Ω–æ –∫–æ–Ω–≤–µ—Ä—Ç–∏—Ä–æ–≤–∞–Ω–æ –≤ H.264
2024-12-04 02:07:11,424 - circle_bot - INFO - –í–∏–¥–µ–æ —É—Å–ø–µ—à–Ω–æ –æ–±—Ä–∞–±–æ—Ç–∞–Ω–æ –∏ —Å–æ—Ö—Ä–∞–Ω–µ–Ω–æ: /tmp/tmpxtt_ils6.mp4
2024-12-04 02:07:11,643 - circle_bot - INFO - –û—Ç–ø—Ä–∞–≤–ª—è–µ–º –æ–±—Ä–∞–±–æ—Ç–∞–Ω–Ω–æ–µ –≤–∏–¥–µ–æ –ø–æ–ª—å–∑–æ–≤–∞—Ç–µ–ª—é...
2024-12-04 02:07:17,223 - circle_bot - INFO - –í–∏–¥–µ–æ —É—Å–ø–µ—à–Ω–æ –æ—Ç–ø—Ä–∞–≤–ª–µ–Ω–æ
2024-12-04 02:10:36,584 - circle_bot - INFO - –ü–æ–ª—É—á–µ–Ω–æ —Ç–µ–∫—Å—Ç–æ–≤–æ–µ —Å–æ–æ–±—â–µ–Ω–∏–µ –æ—Ç –ø–æ–ª—å–∑–æ–≤–∞—Ç–µ–ª—è Maltsev_Denis_Vyacheslavovich (ID: 1667948478): ‚ùì –ø–æ–º–æ—â—å
2024-12-04 02:10:36,586 - circle_bot - INFO - –ü–æ–ª—å–∑–æ–≤–∞—Ç–µ–ª—å Maltsev_Denis_Vyacheslavovich (ID: 1667948478) –∑–∞–ø—Ä–æ—Å–∏–ª –ø–æ–º–æ—â—å —á–µ—Ä–µ–∑ —Ç–µ–∫—Å—Ç–æ–≤–æ–µ –º–µ–Ω—é
2024-12-04 02:10:36,586 - circle_bot - INFO - –ü–æ–ª—å–∑–æ–≤–∞—Ç–µ–ª—å Maltsev_Denis_Vyacheslavovich (ID: 1667948478) –∑–∞–ø—Ä–æ—Å–∏–ª —Å–ø—Ä–∞–≤–∫—É
2024-12-04 02:10:36,780 - circle_bot - INFO - –û—Ç–ø—Ä–∞–≤–ª–µ–Ω–∞ —Å–ø—Ä–∞–≤–æ—á–Ω–∞—è –∏–Ω—Ñ–æ—Ä–º–∞—Ü–∏—è –ø–æ–ª—å–∑–æ–≤–∞—Ç–µ–ª—é Maltsev_Denis_Vyacheslavovich (ID: 1667948478)
2024-12-04 02:10:42,002 - circle_bot - INFO - –ü–æ–ª—É—á–µ–Ω–æ —Ç–µ–∫—Å—Ç–æ–≤–æ–µ —Å–æ–æ–±—â–µ–Ω–∏–µ –æ—Ç –ø–æ–ª—å–∑–æ–≤–∞—Ç–µ–ª—è Maltsev_Denis_Vyacheslavovich (ID: 1667948478): üìä —Å—Ç–∞—Ç–∏—Å—Ç–∏–∫–∞
2024-12-04 02:10:42,002 - circle_bot - INFO - –ü–æ–ª—å–∑–æ–≤–∞—Ç–µ–ª—å Maltsev_Denis_Vyacheslavovich (ID: 1667948478) –∑–∞–ø—Ä–æ—Å–∏–ª —Å—Ç–∞—Ç–∏—Å—Ç–∏–∫—É —á–µ—Ä–µ–∑ —Ç–µ–∫—Å—Ç–æ–≤–æ–µ –º–µ–Ω—é
2024-12-04 02:10:42,003 - circle_bot - INFO - –ü–æ–ª—å–∑–æ–≤–∞—Ç–µ–ª—å Maltsev_Denis_Vyacheslavovich (ID: 1667948478) –∑–∞–ø—Ä–æ—Å–∏–ª —Å—Ç–∞—Ç–∏—Å—Ç–∏–∫—É
2024-12-04 02:10:42,003 - circle_bot - INFO - –ó–∞–ø—Ä–æ—à–µ–Ω–∞ —Å—Ç–∞—Ç–∏—Å—Ç–∏–∫–∞ –¥–ª—è –ø–æ–ª—å–∑–æ–≤–∞—Ç–µ–ª—è (ID: 1667948478):
üìä –í–∞—à–∞ —Å—Ç–∞—Ç–∏—Å—Ç–∏–∫–∞:
–û–±—Ä–∞–±–æ—Ç–∞–Ω–æ –≤–∏–¥–µ–æ: 2
–û–±—â–∏–π —Ä–∞–∑–º–µ—Ä: 16.18 –ú–ë
2024-12-04 02:10:42,003 - circle_bot - INFO - –°—Ç–∞—Ç–∏—Å—Ç–∏–∫–∞ –ø–æ–ª—å–∑–æ–≤–∞—Ç–µ–ª—è Maltsev_Denis_Vyacheslavovich (ID: 1667948478):
- –û–±—Ä–∞–±–æ—Ç–∞–Ω–æ –≤–∏–¥–µ–æ: 2
- –û–±—â–∏–π —Ä–∞–∑–º–µ—Ä: 16.18 –ú–ë
